[    3748ms] [WARNING] The resource https://assets.ngrok.com/fonts/euclid-square/EuclidSquare-MediumItalic-WebS.woff was preloaded using link preload but not used within a few seconds from the window's load event. Please make sure it has an appropriate `as` value and it is preloaded intentionally. @ https://designatory-scrawnier-rocco.ngrok-free.dev/login:0
[    3748ms] [WARNING] The resource https://assets.ngrok.com/fonts/euclid-square/EuclidSquare-Regular-WebS.woff was preloaded using link preload but not used within a few seconds from the window's load event. Please make sure it has an appropriate `as` value and it is preloaded intentionally. @ https://designatory-scrawnier-rocco.ngrok-free.dev/login:0
[    3748ms] [WARNING] The resource https://assets.ngrok.com/fonts/euclid-square/EuclidSquare-RegularItalic-WebS.woff was preloaded using link preload but not used within a few seconds from the window's load event. Please make sure it has an appropriate `as` value and it is preloaded intentionally. @ https://designatory-scrawnier-rocco.ngrok-free.dev/login:0
[    3748ms] [WARNING] The resource https://assets.ngrok.com/fonts/euclid-square/EuclidSquare-Medium-WebS.woff was preloaded using link preload but not used within a few seconds from the window's load event. Please make sure it has an appropriate `as` value and it is preloaded intentionally. @ https://designatory-scrawnier-rocco.ngrok-free.dev/login:0
[    3748ms] [WARNING] The resource https://assets.ngrok.com/fonts/ibm-plex-mono/IBMPlexMono-Text.woff was preloaded using link preload but not used within a few seconds from the window's load event. Please make sure it has an appropriate `as` value and it is preloaded intentionally. @ https://designatory-scrawnier-rocco.ngrok-free.dev/login:0
[    3748ms] [WARNING] The resource https://assets.ngrok.com/fonts/ibm-plex-mono/IBMPlexMono-SemiBoldItalic.woff was preloaded using link preload but not used within a few seconds from the window's load event. Please make sure it has an appropriate `as` value and it is preloaded intentionally. @ https://designatory-scrawnier-rocco.ngrok-free.dev/login:0
[    3748ms] [WARNING] The resource https://assets.ngrok.com/fonts/ibm-plex-mono/IBMPlexMono-SemiBold.woff was preloaded using link preload but not used within a few seconds from the window's load event. Please make sure it has an appropriate `as` value and it is preloaded intentionally. @ https://designatory-scrawnier-rocco.ngrok-free.dev/login:0
[    3748ms] [WARNING] The resource https://assets.ngrok.com/fonts/ibm-plex-mono/IBMPlexMono-TextItalic.woff was preloaded using link preload but not used within a few seconds from the window's load event. Please make sure it has an appropriate `as` value and it is preloaded intentionally. @ https://designatory-scrawnier-rocco.ngrok-free.dev/login:0
[   16699ms] [ERROR] Failed to load resource: the server responded with a status of 404 () @ https://designatory-scrawnier-rocco.ngrok-free.dev/login/_stcore/host-config:0
[   16699ms] [ERROR] Failed to load resource: the server responded with a status of 404 () @ https://designatory-scrawnier-rocco.ngrok-free.dev/login/_stcore/health:0
[   17214ms] [ERROR] The page that you have requested does not seem to exist. Running the app's main page. @ https://designatory-scrawnier-rocco.ngrok-free.dev/static/js/index.Drusyo5m.js:154
[   82092ms] [WARNING] WebSocket onclose @ https://designatory-scrawnier-rocco.ngrok-free.dev/static/js/index.Drusyo5m.js:150
[   82959ms] [ERROR] Failed to load resource: the server responded with a status of 502 () @ https://designatory-scrawnier-rocco.ngrok-free.dev/login/_stcore/health:0
[   82960ms] [ERROR] Failed to load resource: the server responded with a status of 502 () @ https://designatory-scrawnier-rocco.ngrok-free.dev/login/_stcore/host-config:0
[   83284ms] [ERROR] Failed to load resource: the server responded with a status of 502 () @ https://designatory-scrawnier-rocco.ngrok-free.dev/_stcore/health:0
[   83289ms] [ERROR] Failed to load resource: the server responded with a status of 502 () @ https://designatory-scrawnier-rocco.ngrok-free.dev/_stcore/host-config:0
[   83600ms] [ERROR] Failed to load resource: the server responded with a status of 502 () @ https://designatory-scrawnier-rocco.ngrok-free.dev/login/_stcore/health:0
[   83618ms] [ERROR] Failed to load resource: the server responded with a status of 502 () @ https://designatory-scrawnier-rocco.ngrok-free.dev/login/_stcore/host-config:0
[   84040ms] [ERROR] Failed to load resource: the server responded with a status of 502 () @ https://designatory-scrawnier-rocco.ngrok-free.dev/_stcore/host-config:0
[   84047ms] [ERROR] Failed to load resource: the server responded with a status of 502 () @ https://designatory-scrawnier-rocco.ngrok-free.dev/_stcore/health:0
[   84411ms] [ERROR] Failed to load resource: the server responded with a status of 502 () @ https://designatory-scrawnier-rocco.ngrok-free.dev/login/_stcore/host-config:0
[   84419ms] [ERROR] Failed to load resource: the server responded with a status of 502 () @ https://designatory-scrawnier-rocco.ngrok-free.dev/login/_stcore/health:0
[   85061ms] [ERROR] Failed to load resource: the server responded with a status of 502 () @ https://designatory-scrawnier-rocco.ngrok-free.dev/_stcore/health:0
[   85071ms] [ERROR] Failed to load resource: the server responded with a status of 502 () @ https://designatory-scrawnier-rocco.ngrok-free.dev/_stcore/host-config:0
[   85667ms] [ERROR] Failed to load resource: the server responded with a status of 502 () @ https://designatory-scrawnier-rocco.ngrok-free.dev/login/_stcore/host-config:0
[   85678ms] [ERROR] Failed to load resource: the server responded with a status of 502 () @ https://designatory-scrawnier-rocco.ngrok-free.dev/login/_stcore/health:0
[   86689ms] [ERROR] Failed to load resource: the server responded with a status of 502 () @ https://designatory-scrawnier-rocco.ngrok-free.dev/_stcore/health:0
[   86689ms] [ERROR] Failed to load resource: the server responded with a status of 502 () @ https://designatory-scrawnier-rocco.ngrok-free.dev/_stcore/host-config:0
[   87652ms] [ERROR] Failed to load resource: the server responded with a status of 502 () @ https://designatory-scrawnier-rocco.ngrok-free.dev/login/_stcore/host-config:0
[   87659ms] [ERROR] Failed to load resource: the server responded with a status of 502 () @ https://designatory-scrawnier-rocco.ngrok-free.dev/login/_stcore/health:0
[   89159ms] [ERROR] Failed to load resource: the server responded with a status of 502 () @ https://designatory-scrawnier-rocco.ngrok-free.dev/_stcore/host-config:0
[   89169ms] [ERROR] Failed to load resource: the server responded with a status of 502 () @ https://designatory-scrawnier-rocco.ngrok-free.dev/_stcore/health:0
[   90801ms] [ERROR] Failed to load resource: the server responded with a status of 502 () @ https://designatory-scrawnier-rocco.ngrok-free.dev/login/_stcore/health:0
[   90802ms] [ERROR] Client Error: response received with status 502 when attempting to reach /login/_stcore/health @ https://designatory-scrawnier-rocco.ngrok-free.dev/static/js/index.Drusyo5m.js:148
[   90802ms] [ERROR] Connection failed with status 502. @ https://designatory-scrawnier-rocco.ngrok-free.dev/static/js/index.Drusyo5m.js:154
[   90820ms] [ERROR] Failed to load resource: the server responded with a status of 502 () @ https://designatory-scrawnier-rocco.ngrok-free.dev/login/_stcore/host-config:0
[   93020ms] [ERROR] Failed to load resource: the server responded with a status of 502 () @ https://designatory-scrawnier-rocco.ngrok-free.dev/_stcore/health:0
[   93021ms] [ERROR] Client Error: response received with status 502 when attempting to reach /_stcore/health @ https://designatory-scrawnier-rocco.ngrok-free.dev/static/js/index.Drusyo5m.js:148
[   93021ms] [ERROR] Connection failed with status 502. @ https://designatory-scrawnier-rocco.ngrok-free.dev/static/js/index.Drusyo5m.js:154
[   93037ms] [ERROR] Failed to load resource: the server responded with a status of 502 () @ https://designatory-scrawnier-rocco.ngrok-free.dev/_stcore/host-config:0
[   95217ms] [ERROR] Failed to load resource: the server responded with a status of 502 () @ https://designatory-scrawnier-rocco.ngrok-free.dev/login/_stcore/health:0
[   95218ms] [ERROR] Client Error: response received with status 502 when attempting to reach /login/_stcore/health @ https://designatory-scrawnier-rocco.ngrok-free.dev/static/js/index.Drusyo5m.js:148
[   95218ms] [ERROR] Connection failed with status 502. @ https://designatory-scrawnier-rocco.ngrok-free.dev/static/js/index.Drusyo5m.js:154
[   95267ms] [ERROR] Failed to load resource: the server responded with a status of 502 () @ https://designatory-scrawnier-rocco.ngrok-free.dev/login/_stcore/host-config:0
[   97421ms] [ERROR] Failed to load resource: the server responded with a status of 502 () @ https://designatory-scrawnier-rocco.ngrok-free.dev/_stcore/health:0
[   97422ms] [ERROR] Client Error: response received with status 502 when attempting to reach /_stcore/health @ https://designatory-scrawnier-rocco.ngrok-free.dev/static/js/index.Drusyo5m.js:148
[   97422ms] [ERROR] Connection failed with status 502. @ https://designatory-scrawnier-rocco.ngrok-free.dev/static/js/index.Drusyo5m.js:154
[   97440ms] [ERROR] Failed to load resource: the server responded with a status of 502 () @ https://designatory-scrawnier-rocco.ngrok-free.dev/_stcore/host-config:0
[   99622ms] [ERROR] Failed to load resource: the server responded with a status of 502 () @ https://designatory-scrawnier-rocco.ngrok-free.dev/login/_stcore/host-config:0
[   99622ms] [ERROR] Failed to load resource: the server responded with a status of 502 () @ https://designatory-scrawnier-rocco.ngrok-free.dev/login/_stcore/health:0
[   99622ms] [ERROR] Client Error: response received with status 502 when attempting to reach /login/_stcore/host-config @ https://designatory-scrawnier-rocco.ngrok-free.dev/static/js/index.Drusyo5m.js:148
[   99623ms] [ERROR] Connection failed with status 502. @ https://designatory-scrawnier-rocco.ngrok-free.dev/static/js/index.Drusyo5m.js:154
[  101813ms] [ERROR] Failed to load resource: the server responded with a status of 502 () @ https://designatory-scrawnier-rocco.ngrok-free.dev/_stcore/health:0
[  101813ms] [ERROR] Client Error: response received with status 502 when attempting to reach /_stcore/health @ https://designatory-scrawnier-rocco.ngrok-free.dev/static/js/index.Drusyo5m.js:148
[  101813ms] [ERROR] Connection failed with status 502. @ https://designatory-scrawnier-rocco.ngrok-free.dev/static/js/index.Drusyo5m.js:154
[  101834ms] [ERROR] Failed to load resource: the server responded with a status of 502 () @ https://designatory-scrawnier-rocco.ngrok-free.dev/_stcore/host-config:0
[  104020ms] [ERROR] Failed to load resource: the server responded with a status of 502 () @ https://designatory-scrawnier-rocco.ngrok-free.dev/login/_stcore/health:0
[  104021ms] [ERROR] Client Error: response received with status 502 when attempting to reach /login/_stcore/health @ https://designatory-scrawnier-rocco.ngrok-free.dev/static/js/index.Drusyo5m.js:148
[  104021ms] [ERROR] Connection failed with status 502. @ https://designatory-scrawnier-rocco.ngrok-free.dev/static/js/index.Drusyo5m.js:154
[  104064ms] [ERROR] Failed to load resource: the server responded with a status of 502 () @ https://designatory-scrawnier-rocco.ngrok-free.dev/login/_stcore/host-config:0
[  106266ms] [ERROR] Failed to load resource: the server responded with a status of 502 () @ https://designatory-scrawnier-rocco.ngrok-free.dev/_stcore/health:0
[  106267ms] [ERROR] Client Error: response received with status 502 when attempting to reach /_stcore/health @ https://designatory-scrawnier-rocco.ngrok-free.dev/static/js/index.Drusyo5m.js:148
[  106267ms] [ERROR] Connection failed with status 502. @ https://designatory-scrawnier-rocco.ngrok-free.dev/static/js/index.Drusyo5m.js:154
[  106286ms] [ERROR] Failed to load resource: the server responded with a status of 502 () @ https://designatory-scrawnier-rocco.ngrok-free.dev/_stcore/host-config:0
[  108479ms] [ERROR] Failed to load resource: the server responded with a status of 502 () @ https://designatory-scrawnier-rocco.ngrok-free.dev/login/_stcore/health:0
[  108479ms] [ERROR] Client Error: response received with status 502 when attempting to reach /login/_stcore/health @ https://designatory-scrawnier-rocco.ngrok-free.dev/static/js/index.Drusyo5m.js:148
[  108479ms] [ERROR] Connection failed with status 502. @ https://designatory-scrawnier-rocco.ngrok-free.dev/static/js/index.Drusyo5m.js:154
[  108497ms] [ERROR] Failed to load resource: the server responded with a status of 502 () @ https://designatory-scrawnier-rocco.ngrok-free.dev/login/_stcore/host-config:0
[  110679ms] [ERROR] Failed to load resource: the server responded with a status of 502 () @ https://designatory-scrawnier-rocco.ngrok-free.dev/_stcore/health:0
[  110679ms] [ERROR] Client Error: response received with status 502 when attempting to reach /_stcore/health @ https://designatory-scrawnier-rocco.ngrok-free.dev/static/js/index.Drusyo5m.js:148
[  110679ms] [ERROR] Connection failed with status 502. @ https://designatory-scrawnier-rocco.ngrok-free.dev/static/js/index.Drusyo5m.js:154
[  110693ms] [ERROR] Failed to load resource: the server responded with a status of 502 () @ https://designatory-scrawnier-rocco.ngrok-free.dev/_stcore/host-config:0
[  112893ms] [ERROR] Failed to load resource: the server responded with a status of 502 () @ https://designatory-scrawnier-rocco.ngrok-free.dev/login/_stcore/host-config:0
[  112893ms] [ERROR] Failed to load resource: the server responded with a status of 502 () @ https://designatory-scrawnier-rocco.ngrok-free.dev/login/_stcore/health:0
[  112893ms] [ERROR] Client Error: response received with status 502 when attempting to reach /login/_stcore/host-config @ https://designatory-scrawnier-rocco.ngrok-free.dev/static/js/index.Drusyo5m.js:148
[  112893ms] [ERROR] Connection failed with status 502. @ https://designatory-scrawnier-rocco.ngrok-free.dev/static/js/index.Drusyo5m.js:154
[  115102ms] [ERROR] Failed to load resource: the server responded with a status of 502 () @ https://designatory-scrawnier-rocco.ngrok-free.dev/_stcore/host-config:0
[  115102ms] [ERROR] Client Error: response received with status 502 when attempting to reach /_stcore/host-config @ https://designatory-scrawnier-rocco.ngrok-free.dev/static/js/index.Drusyo5m.js:148
[  115102ms] [ERROR] Connection failed with status 502. @ https://designatory-scrawnier-rocco.ngrok-free.dev/static/js/index.Drusyo5m.js:154
[  115117ms] [ERROR] Failed to load resource: the server responded with a status of 502 () @ https://designatory-scrawnier-rocco.ngrok-free.dev/_stcore/health:0
[  117316ms] [ERROR] Failed to load resource: the server responded with a status of 502 () @ https://designatory-scrawnier-rocco.ngrok-free.dev/login/_stcore/health:0
[  117317ms] [ERROR] Client Error: response received with status 502 when attempting to reach /login/_stcore/health @ https://designatory-scrawnier-rocco.ngrok-free.dev/static/js/index.Drusyo5m.js:148
[  117317ms] [ERROR] Connection failed with status 502. @ https://designatory-scrawnier-rocco.ngrok-free.dev/static/js/index.Drusyo5m.js:154
[  117331ms] [ERROR] Failed to load resource: the server responded with a status of 502 () @ https://designatory-scrawnier-rocco.ngrok-free.dev/login/_stcore/host-config:0
[  119527ms] [ERROR] Failed to load resource: the server responded with a status of 502 () @ https://designatory-scrawnier-rocco.ngrok-free.dev/_stcore/health:0
[  119527ms] [ERROR] Client Error: response received with status 502 when attempting to reach /_stcore/health @ https://designatory-scrawnier-rocco.ngrok-free.dev/static/js/index.Drusyo5m.js:148
[  119527ms] [ERROR] Connection failed with status 502. @ https://designatory-scrawnier-rocco.ngrok-free.dev/static/js/index.Drusyo5m.js:154
[  119551ms] [ERROR] Failed to load resource: the server responded with a status of 502 () @ https://designatory-scrawnier-rocco.ngrok-free.dev/_stcore/host-config:0
[  121731ms] [ERROR] Failed to load resource: the server responded with a status of 502 () @ https://designatory-scrawnier-rocco.ngrok-free.dev/login/_stcore/health:0
[  121732ms] [ERROR] Client Error: response received with status 502 when attempting to reach /login/_stcore/health @ https://designatory-scrawnier-rocco.ngrok-free.dev/static/js/index.Drusyo5m.js:148
[  121732ms] [ERROR] Connection failed with status 502. @ https://designatory-scrawnier-rocco.ngrok-free.dev/static/js/index.Drusyo5m.js:154
[  121746ms] [ERROR] Failed to load resource: the server responded with a status of 502 () @ https://designatory-scrawnier-rocco.ngrok-free.dev/login/_stcore/host-config:0
[  123943ms] [ERROR] Failed to load resource: the server responded with a status of 502 () @ https://designatory-scrawnier-rocco.ngrok-free.dev/_stcore/health:0
[  123943ms] [ERROR] Client Error: response received with status 502 when attempting to reach /_stcore/health @ https://designatory-scrawnier-rocco.ngrok-free.dev/static/js/index.Drusyo5m.js:148
[  123943ms] [ERROR] Connection failed with status 502. @ https://designatory-scrawnier-rocco.ngrok-free.dev/static/js/index.Drusyo5m.js:154
[  123986ms] [ERROR] Failed to load resource: the server responded with a status of 502 () @ https://designatory-scrawnier-rocco.ngrok-free.dev/_stcore/host-config:0
[  126157ms] [ERROR] Failed to load resource: the server responded with a status of 502 () @ https://designatory-scrawnier-rocco.ngrok-free.dev/login/_stcore/host-config:0
[  126157ms] [ERROR] Client Error: response received with status 502 when attempting to reach /login/_stcore/host-config @ https://designatory-scrawnier-rocco.ngrok-free.dev/static/js/index.Drusyo5m.js:148
[  126157ms] [ERROR] Connection failed with status 502. @ https://designatory-scrawnier-rocco.ngrok-free.dev/static/js/index.Drusyo5m.js:154
[  126175ms] [ERROR] Failed to load resource: the server responded with a status of 502 () @ https://designatory-scrawnier-rocco.ngrok-free.dev/login/_stcore/health:0
[  128361ms] [ERROR] Failed to load resource: the server responded with a status of 502 () @ https://designatory-scrawnier-rocco.ngrok-free.dev/_stcore/health:0
[  128361ms] [ERROR] Client Error: response received with status 502 when attempting to reach /_stcore/health @ https://designatory-scrawnier-rocco.ngrok-free.dev/static/js/index.Drusyo5m.js:148
[  128361ms] [ERROR] Connection failed with status 502. @ https://designatory-scrawnier-rocco.ngrok-free.dev/static/js/index.Drusyo5m.js:154
[  128377ms] [ERROR] Failed to load resource: the server responded with a status of 502 () @ https://designatory-scrawnier-rocco.ngrok-free.dev/_stcore/host-config:0
[  130562ms] [ERROR] Failed to load resource: the server responded with a status of 502 () @ https://designatory-scrawnier-rocco.ngrok-free.dev/login/_stcore/health:0
[  130563ms] [ERROR] Client Error: response received with status 502 when attempting to reach /login/_stcore/health @ https://designatory-scrawnier-rocco.ngrok-free.dev/static/js/index.Drusyo5m.js:148
[  130563ms] [ERROR] Connection failed with status 502. @ https://designatory-scrawnier-rocco.ngrok-free.dev/static/js/index.Drusyo5m.js:154
[  130581ms] [ERROR] Failed to load resource: the server responded with a status of 502 () @ https://designatory-scrawnier-rocco.ngrok-free.dev/login/_stcore/host-config:0
[  132764ms] [ERROR] Failed to load resource: the server responded with a status of 502 () @ https://designatory-scrawnier-rocco.ngrok-free.dev/_stcore/health:0
[  132764ms] [ERROR] Failed to load resource: the server responded with a status of 502 () @ https://designatory-scrawnier-rocco.ngrok-free.dev/_stcore/host-config:0
[  132764ms] [ERROR] Client Error: response received with status 502 when attempting to reach /_stcore/health @ https://designatory-scrawnier-rocco.ngrok-free.dev/static/js/index.Drusyo5m.js:148
[  132765ms] [ERROR] Connection failed with status 502. @ https://designatory-scrawnier-rocco.ngrok-free.dev/static/js/index.Drusyo5m.js:154
[  134960ms] [ERROR] Failed to load resource: net::ERR_CONNECTION_CLOSED @ https://designatory-scrawnier-rocco.ngrok-free.dev/login/_stcore/health:0
[  134960ms] [ERROR] Client Error in reaching server endpoint - No response received when attempting to reach /login/_stcore/health @ https://designatory-scrawnier-rocco.ngrok-free.dev/static/js/index.Drusyo5m.js:148
[  134960ms] [ERROR] Streamlit server is not responding. Are you connected to the internet? @ https://designatory-scrawnier-rocco.ngrok-free.dev/static/js/index.Drusyo5m.js:154
[  135148ms] [ERROR] Failed to load resource: net::ERR_CONNECTION_CLOSED @ https://designatory-scrawnier-rocco.ngrok-free.dev/login/_stcore/host-config:0
[  137152ms] [ERROR] Failed to load resource: net::ERR_CONNECTION_CLOSED @ https://designatory-scrawnier-rocco.ngrok-free.dev/_stcore/health:0
[  137152ms] [ERROR] Client Error in reaching server endpoint - No response received when attempting to reach /_stcore/health @ https://designatory-scrawnier-rocco.ngrok-free.dev/static/js/index.Drusyo5m.js:148
[  137153ms] [ERROR] Streamlit server is not responding. Are you connected to the internet? @ https://designatory-scrawnier-rocco.ngrok-free.dev/static/js/index.Drusyo5m.js:154
[  137334ms] [ERROR] Failed to load resource: net::ERR_CONNECTION_CLOSED @ https://designatory-scrawnier-rocco.ngrok-free.dev/_stcore/host-config:0
[  139305ms] [ERROR] Failed to load resource: the server responded with a status of 404 () @ https://designatory-scrawnier-rocco.ngrok-free.dev/login/_stcore/health:0
[  139306ms] [ERROR] Client Error: response received with status 404 when attempting to reach /login/_stcore/health @ https://designatory-scrawnier-rocco.ngrok-free.dev/static/js/index.Drusyo5m.js:148
[  139306ms] [ERROR] Connection failed with status 404. @ https://designatory-scrawnier-rocco.ngrok-free.dev/static/js/index.Drusyo5m.js:154
[  139306ms] [ERROR] Failed to load resource: the server responded with a status of 404 () @ https://designatory-scrawnier-rocco.ngrok-free.dev/login/_stcore/host-config:0
[  141461ms] [ERROR] Failed to load resource: the server responded with a status of 404 () @ https://designatory-scrawnier-rocco.ngrok-free.dev/_stcore/health:0
[  141462ms] [ERROR] Client Error: response received with status 404 when attempting to reach /_stcore/health @ https://designatory-scrawnier-rocco.ngrok-free.dev/static/js/index.Drusyo5m.js:148
[  141462ms] [ERROR] Connection failed with status 404. @ https://designatory-scrawnier-rocco.ngrok-free.dev/static/js/index.Drusyo5m.js:154
[  141462ms] [ERROR] Failed to load resource: the server responded with a status of 404 () @ https://designatory-scrawnier-rocco.ngrok-free.dev/_stcore/host-config:0
[  143620ms] [ERROR] Failed to load resource: the server responded with a status of 404 () @ https://designatory-scrawnier-rocco.ngrok-free.dev/login/_stcore/health:0
[  143621ms] [ERROR] Client Error: response received with status 404 when attempting to reach /login/_stcore/health @ https://designatory-scrawnier-rocco.ngrok-free.dev/static/js/index.Drusyo5m.js:148
[  143621ms] [ERROR] Connection failed with status 404. @ https://designatory-scrawnier-rocco.ngrok-free.dev/static/js/index.Drusyo5m.js:154
[  143621ms] [ERROR] Failed to load resource: the server responded with a status of 404 () @ https://designatory-scrawnier-rocco.ngrok-free.dev/login/_stcore/host-config:0
[  145777ms] [ERROR] Failed to load resource: the server responded with a status of 404 () @ https://designatory-scrawnier-rocco.ngrok-free.dev/_stcore/health:0
[  145778ms] [ERROR] Client Error: response received with status 404 when attempting to reach /_stcore/health @ https://designatory-scrawnier-rocco.ngrok-free.dev/static/js/index.Drusyo5m.js:148
[  145778ms] [ERROR] Connection failed with status 404. @ https://designatory-scrawnier-rocco.ngrok-free.dev/static/js/index.Drusyo5m.js:154
[  145778ms] [ERROR] Failed to load resource: the server responded with a status of 404 () @ https://designatory-scrawnier-rocco.ngrok-free.dev/_stcore/host-config:0
[  147919ms] [ERROR] Failed to load resource: the server responded with a status of 404 () @ https://designatory-scrawnier-rocco.ngrok-free.dev/login/_stcore/health:0
[  147919ms] [ERROR] Failed to load resource: the server responded with a status of 404 () @ https://designatory-scrawnier-rocco.ngrok-free.dev/login/_stcore/host-config:0
[  147920ms] [ERROR] Client Error: response received with status 404 when attempting to reach /login/_stcore/health @ https://designatory-scrawnier-rocco.ngrok-free.dev/static/js/index.Drusyo5m.js:148
[  147920ms] [ERROR] Connection failed with status 404. @ https://designatory-scrawnier-rocco.ngrok-free.dev/static/js/index.Drusyo5m.js:154
[  150066ms] [ERROR] Failed to load resource: the server responded with a status of 404 () @ https://designatory-scrawnier-rocco.ngrok-free.dev/_stcore/health:0
[  150067ms] [ERROR] Client Error: response received with status 404 when attempting to reach /_stcore/health @ https://designatory-scrawnier-rocco.ngrok-free.dev/static/js/index.Drusyo5m.js:148
[  150067ms] [ERROR] Connection failed with status 404. @ https://designatory-scrawnier-rocco.ngrok-free.dev/static/js/index.Drusyo5m.js:154
[  150067ms] [ERROR] Failed to load resource: the server responded with a status of 404 () @ https://designatory-scrawnier-rocco.ngrok-free.dev/_stcore/host-config:0
[  152221ms] [ERROR] Failed to load resource: the server responded with a status of 404 () @ https://designatory-scrawnier-rocco.ngrok-free.dev/login/_stcore/health:0
[  152222ms] [ERROR] Failed to load resource: the server responded with a status of 404 () @ https://designatory-scrawnier-rocco.ngrok-free.dev/login/_stcore/host-config:0
[  152222ms] [ERROR] Client Error: response received with status 404 when attempting to reach /login/_stcore/health @ https://designatory-scrawnier-rocco.ngrok-free.dev/static/js/index.Drusyo5m.js:148
[  152223ms] [ERROR] Connection failed with status 404. @ https://designatory-scrawnier-rocco.ngrok-free.dev/static/js/index.Drusyo5m.js:154
[  154381ms] [ERROR] Failed to load resource: the server responded with a status of 404 () @ https://designatory-scrawnier-rocco.ngrok-free.dev/_stcore/health:0
[  154381ms] [ERROR] Client Error: response received with status 404 when attempting to reach /_stcore/health @ https://designatory-scrawnier-rocco.ngrok-free.dev/static/js/index.Drusyo5m.js:148
[  154382ms] [ERROR] Connection failed with status 404. @ https://designatory-scrawnier-rocco.ngrok-free.dev/static/js/index.Drusyo5m.js:154
[  154519ms] [ERROR] Failed to load resource: the server responded with a status of 404 () @ https://designatory-scrawnier-rocco.ngrok-free.dev/_stcore/host-config:0
[  156541ms] [ERROR] Failed to load resource: the server responded with a status of 404 () @ https://designatory-scrawnier-rocco.ngrok-free.dev/login/_stcore/host-config:0
[  156542ms] [ERROR] Client Error: response received with status 404 when attempting to reach /login/_stcore/host-config @ https://designatory-scrawnier-rocco.ngrok-free.dev/static/js/index.Drusyo5m.js:148
[  156542ms] [ERROR] Connection failed with status 404. @ https://designatory-scrawnier-rocco.ngrok-free.dev/static/js/index.Drusyo5m.js:154
[  156542ms] [ERROR] Failed to load resource: the server responded with a status of 404 () @ https://designatory-scrawnier-rocco.ngrok-free.dev/login/_stcore/health:0
[  158699ms] [ERROR] Failed to load resource: the server responded with a status of 404 () @ https://designatory-scrawnier-rocco.ngrok-free.dev/_stcore/health:0
[  158700ms] [ERROR] Client Error: response received with status 404 when attempting to reach /_stcore/health @ https://designatory-scrawnier-rocco.ngrok-free.dev/static/js/index.Drusyo5m.js:148
[  158700ms] [ERROR] Connection failed with status 404. @ https://designatory-scrawnier-rocco.ngrok-free.dev/static/js/index.Drusyo5m.js:154
[  158712ms] [ERROR] Failed to load resource: the server responded with a status of 404 () @ https://designatory-scrawnier-rocco.ngrok-free.dev/_stcore/host-config:0
[  160858ms] [ERROR] Failed to load resource: the server responded with a status of 404 () @ https://designatory-scrawnier-rocco.ngrok-free.dev/login/_stcore/health:0
[  160858ms] [ERROR] Failed to load resource: the server responded with a status of 404 () @ https://designatory-scrawnier-rocco.ngrok-free.dev/login/_stcore/host-config:0
[  160858ms] [ERROR] Client Error: response received with status 404 when attempting to reach /login/_stcore/health @ https://designatory-scrawnier-rocco.ngrok-free.dev/static/js/index.Drusyo5m.js:148
[  160858ms] [ERROR] Connection failed with status 404. @ https://designatory-scrawnier-rocco.ngrok-free.dev/static/js/index.Drusyo5m.js:154
[  163013ms] [ERROR] Failed to load resource: the server responded with a status of 404 () @ https://designatory-scrawnier-rocco.ngrok-free.dev/_stcore/health:0
[  163014ms] [ERROR] Client Error: response received with status 404 when attempting to reach /_stcore/health @ https://designatory-scrawnier-rocco.ngrok-free.dev/static/js/index.Drusyo5m.js:148
[  163014ms] [ERROR] Connection failed with status 404. @ https://designatory-scrawnier-rocco.ngrok-free.dev/static/js/index.Drusyo5m.js:154
[  163150ms] [ERROR] Failed to load resource: the server responded with a status of 404 () @ https://designatory-scrawnier-rocco.ngrok-free.dev/_stcore/host-config:0
[  165156ms] [ERROR] Failed to load resource: the server responded with a status of 404 () @ https://designatory-scrawnier-rocco.ngrok-free.dev/login/_stcore/host-config:0
[  165156ms] [ERROR] Client Error: response received with status 404 when attempting to reach /login/_stcore/host-config @ https://designatory-scrawnier-rocco.ngrok-free.dev/static/js/index.Drusyo5m.js:148
[  165156ms] [ERROR] Connection failed with status 404. @ https://designatory-scrawnier-rocco.ngrok-free.dev/static/js/index.Drusyo5m.js:154
[  165156ms] [ERROR] Failed to load resource: the server responded with a status of 404 () @ https://designatory-scrawnier-rocco.ngrok-free.dev/login/_stcore/health:0
[  167299ms] [ERROR] Failed to load resource: the server responded with a status of 404 () @ https://designatory-scrawnier-rocco.ngrok-free.dev/_stcore/health:0
[  167299ms] [ERROR] Failed to load resource: the server responded with a status of 404 () @ https://designatory-scrawnier-rocco.ngrok-free.dev/_stcore/host-config:0
[  167300ms] [ERROR] Client Error: response received with status 404 when attempting to reach /_stcore/health @ https://designatory-scrawnier-rocco.ngrok-free.dev/static/js/index.Drusyo5m.js:148
[  167300ms] [ERROR] Connection failed with status 404. @ https://designatory-scrawnier-rocco.ngrok-free.dev/static/js/index.Drusyo5m.js:154
[  169441ms] [ERROR] Failed to load resource: the server responded with a status of 404 () @ https://designatory-scrawnier-rocco.ngrok-free.dev/login/_stcore/health:0
[  169442ms] [ERROR] Client Error: response received with status 404 when attempting to reach /login/_stcore/health @ https://designatory-scrawnier-rocco.ngrok-free.dev/static/js/index.Drusyo5m.js:148
[  169442ms] [ERROR] Connection failed with status 404. @ https://designatory-scrawnier-rocco.ngrok-free.dev/static/js/index.Drusyo5m.js:154
[  169442ms] [ERROR] Failed to load resource: the server responded with a status of 404 () @ https://designatory-scrawnier-rocco.ngrok-free.dev/login/_stcore/host-config:0
[  171631ms] [ERROR] Failed to load resource: net::ERR_CONNECTION_CLOSED @ https://designatory-scrawnier-rocco.ngrok-free.dev/_stcore/health:0
[  171631ms] [ERROR] Client Error in reaching server endpoint - No response received when attempting to reach /_stcore/health @ https://designatory-scrawnier-rocco.ngrok-free.dev/static/js/index.Drusyo5m.js:148
[  171631ms] [ERROR] Streamlit server is not responding. Are you connected to the internet? @ https://designatory-scrawnier-rocco.ngrok-free.dev/static/js/index.Drusyo5m.js:154
[  171814ms] [ERROR] Failed to load resource: net::ERR_CONNECTION_CLOSED @ https://designatory-scrawnier-rocco.ngrok-free.dev/_stcore/host-config:0
[  173818ms] [ERROR] Failed to load resource: net::ERR_CONNECTION_CLOSED @ https://designatory-scrawnier-rocco.ngrok-free.dev/login/_stcore/health:0
[  173818ms] [ERROR] Client Error in reaching server endpoint - No response received when attempting to reach /login/_stcore/health @ https://designatory-scrawnier-rocco.ngrok-free.dev/static/js/index.Drusyo5m.js:148
[  173818ms] [ERROR] Streamlit server is not responding. Are you connected to the internet? @ https://designatory-scrawnier-rocco.ngrok-free.dev/static/js/index.Drusyo5m.js:154
[  174000ms] [ERROR] Failed to load resource: net::ERR_CONNECTION_CLOSED @ https://designatory-scrawnier-rocco.ngrok-free.dev/login/_stcore/host-config:0
[  176011ms] [ERROR] Failed to load resource: net::ERR_CONNECTION_CLOSED @ https://designatory-scrawnier-rocco.ngrok-free.dev/_stcore/health:0
[  176011ms] [ERROR] Client Error in reaching server endpoint - No response received when attempting to reach /_stcore/health @ https://designatory-scrawnier-rocco.ngrok-free.dev/static/js/index.Drusyo5m.js:148
[  176012ms] [ERROR] Streamlit server is not responding. Are you connected to the internet? @ https://designatory-scrawnier-rocco.ngrok-free.dev/static/js/index.Drusyo5m.js:154
[  176201ms] [ERROR] Failed to load resource: net::ERR_CONNECTION_CLOSED @ https://designatory-scrawnier-rocco.ngrok-free.dev/_stcore/host-config:0
[  178206ms] [ERROR] Failed to load resource: net::ERR_CONNECTION_CLOSED @ https://designatory-scrawnier-rocco.ngrok-free.dev/login/_stcore/health:0
[  178206ms] [ERROR] Client Error in reaching server endpoint - No response received when attempting to reach /login/_stcore/health @ https://designatory-scrawnier-rocco.ngrok-free.dev/static/js/index.Drusyo5m.js:148
[  178207ms] [ERROR] Streamlit server is not responding. Are you connected to the internet? @ https://designatory-scrawnier-rocco.ngrok-free.dev/static/js/index.Drusyo5m.js:154
[  178392ms] [ERROR] Failed to load resource: net::ERR_CONNECTION_CLOSED @ https://designatory-scrawnier-rocco.ngrok-free.dev/login/_stcore/host-config:0
[  180402ms] [ERROR] Failed to load resource: net::ERR_CONNECTION_CLOSED @ https://designatory-scrawnier-rocco.ngrok-free.dev/_stcore/health:0
[  180402ms] [ERROR] Client Error in reaching server endpoint - No response received when attempting to reach /_stcore/health @ https://designatory-scrawnier-rocco.ngrok-free.dev/static/js/index.Drusyo5m.js:148
[  180402ms] [ERROR] Streamlit server is not responding. Are you connected to the internet? @ https://designatory-scrawnier-rocco.ngrok-free.dev/static/js/index.Drusyo5m.js:154
[  180581ms] [ERROR] Failed to load resource: net::ERR_CONNECTION_CLOSED @ https://designatory-scrawnier-rocco.ngrok-free.dev/_stcore/host-config:0
[  182597ms] [ERROR] Failed to load resource: net::ERR_CONNECTION_CLOSED @ https://designatory-scrawnier-rocco.ngrok-free.dev/login/_stcore/health:0
[  182598ms] [ERROR] Client Error in reaching server endpoint - No response received when attempting to reach /login/_stcore/health @ https://designatory-scrawnier-rocco.ngrok-free.dev/static/js/index.Drusyo5m.js:148
[  182598ms] [ERROR] Streamlit server is not responding. Are you connected to the internet? @ https://designatory-scrawnier-rocco.ngrok-free.dev/static/js/index.Drusyo5m.js:154
[  182782ms] [ERROR] Failed to load resource: net::ERR_CONNECTION_CLOSED @ https://designatory-scrawnier-rocco.ngrok-free.dev/login/_stcore/host-config:0
[  184788ms] [ERROR] Failed to load resource: net::ERR_CONNECTION_CLOSED @ https://designatory-scrawnier-rocco.ngrok-free.dev/_stcore/health:0
[  184788ms] [ERROR] Client Error in reaching server endpoint - No response received when attempting to reach /_stcore/health @ https://designatory-scrawnier-rocco.ngrok-free.dev/static/js/index.Drusyo5m.js:148
[  184788ms] [ERROR] Streamlit server is not responding. Are you connected to the internet? @ https://designatory-scrawnier-rocco.ngrok-free.dev/static/js/index.Drusyo5m.js:154
[  184977ms] [ERROR] Failed to load resource: net::ERR_CONNECTION_CLOSED @ https://designatory-scrawnier-rocco.ngrok-free.dev/_stcore/host-config:0
[  186981ms] [ERROR] Failed to load resource: net::ERR_CONNECTION_CLOSED @ https://designatory-scrawnier-rocco.ngrok-free.dev/login/_stcore/health:0
[  186981ms] [ERROR] Client Error in reaching server endpoint - No response received when attempting to reach /login/_stcore/health @ https://designatory-scrawnier-rocco.ngrok-free.dev/static/js/index.Drusyo5m.js:148
[  186981ms] [ERROR] Streamlit server is not responding. Are you connected to the internet? @ https://designatory-scrawnier-rocco.ngrok-free.dev/static/js/index.Drusyo5m.js:154
[  187167ms] [ERROR] Failed to load resource: net::ERR_CONNECTION_CLOSED @ https://designatory-scrawnier-rocco.ngrok-free.dev/login/_stcore/host-config:0
[  189171ms] [ERROR] Failed to load resource: net::ERR_CONNECTION_CLOSED @ https://designatory-scrawnier-rocco.ngrok-free.dev/_stcore/health:0
[  189171ms] [ERROR] Client Error in reaching server endpoint - No response received when attempting to reach /_stcore/health @ https://designatory-scrawnier-rocco.ngrok-free.dev/static/js/index.Drusyo5m.js:148
[  189172ms] [ERROR] Streamlit server is not responding. Are you connected to the internet? @ https://designatory-scrawnier-rocco.ngrok-free.dev/static/js/index.Drusyo5m.js:154
[  189359ms] [ERROR] Failed to load resource: net::ERR_CONNECTION_CLOSED @ https://designatory-scrawnier-rocco.ngrok-free.dev/_stcore/host-config:0
[  191362ms] [ERROR] Failed to load resource: net::ERR_CONNECTION_CLOSED @ https://designatory-scrawnier-rocco.ngrok-free.dev/login/_stcore/health:0
[  191362ms] [ERROR] Client Error in reaching server endpoint - No response received when attempting to reach /login/_stcore/health @ https://designatory-scrawnier-rocco.ngrok-free.dev/static/js/index.Drusyo5m.js:148
[  191362ms] [ERROR] Streamlit server is not responding. Are you connected to the internet? @ https://designatory-scrawnier-rocco.ngrok-free.dev/static/js/index.Drusyo5m.js:154
[  191544ms] [ERROR] Failed to load resource: net::ERR_CONNECTION_CLOSED @ https://designatory-scrawnier-rocco.ngrok-free.dev/login/_stcore/host-config:0
[  193968ms] [ERROR] Failed to load resource: the server responded with a status of 404 () @ https://designatory-scrawnier-rocco.ngrok-free.dev/_stcore/host-config:0
[  193971ms] [ERROR] Failed to load resource: the server responded with a status of 404 () @ https://designatory-scrawnier-rocco.ngrok-free.dev/_stcore/health:0
[  194013ms] [ERROR] Client Error: response received with status 404 when attempting to reach /_stcore/host-config @ https://designatory-scrawnier-rocco.ngrok-free.dev/static/js/index.Drusyo5m.js:148
[  194013ms] [ERROR] Connection failed with status 404. @ https://designatory-scrawnier-rocco.ngrok-free.dev/static/js/index.Drusyo5m.js:154
[  196247ms] [ERROR] Failed to load resource: the server responded with a status of 404 () @ https://designatory-scrawnier-rocco.ngrok-free.dev/login/_stcore/host-config:0
[  196257ms] [ERROR] Failed to load resource: the server responded with a status of 404 () @ https://designatory-scrawnier-rocco.ngrok-free.dev/login/_stcore/health:0
[  196529ms] [ERROR] Client Error: response received with status 404 when attempting to reach /login/_stcore/host-config @ https://designatory-scrawnier-rocco.ngrok-free.dev/static/js/index.Drusyo5m.js:148
[  196529ms] [ERROR] Connection failed with status 404. @ https://designatory-scrawnier-rocco.ngrok-free.dev/static/js/index.Drusyo5m.js:154
[  198744ms] [ERROR] Failed to load resource: the server responded with a status of 404 () @ https://designatory-scrawnier-rocco.ngrok-free.dev/_stcore/host-config:0
[  198755ms] [ERROR] Failed to load resource: the server responded with a status of 404 () @ https://designatory-scrawnier-rocco.ngrok-free.dev/_stcore/health:0
[  198789ms] [ERROR] Client Error: response received with status 404 when attempting to reach /_stcore/host-config @ https://designatory-scrawnier-rocco.ngrok-free.dev/static/js/index.Drusyo5m.js:148
[  198789ms] [ERROR] Connection failed with status 404. @ https://designatory-scrawnier-rocco.ngrok-free.dev/static/js/index.Drusyo5m.js:154
[  200997ms] [ERROR] Failed to load resource: the server responded with a status of 404 () @ https://designatory-scrawnier-rocco.ngrok-free.dev/login/_stcore/health:0
[  201004ms] [ERROR] Failed to load resource: the server responded with a status of 404 () @ https://designatory-scrawnier-rocco.ngrok-free.dev/login/_stcore/host-config:0
[  201039ms] [ERROR] Client Error: response received with status 404 when attempting to reach /login/_stcore/health @ https://designatory-scrawnier-rocco.ngrok-free.dev/static/js/index.Drusyo5m.js:148
[  201039ms] [ERROR] Connection failed with status 404. @ https://designatory-scrawnier-rocco.ngrok-free.dev/static/js/index.Drusyo5m.js:154
[  203246ms] [ERROR] Failed to load resource: the server responded with a status of 404 () @ https://designatory-scrawnier-rocco.ngrok-free.dev/_stcore/health:0
[  203254ms] [ERROR] Failed to load resource: the server responded with a status of 404 () @ https://designatory-scrawnier-rocco.ngrok-free.dev/_stcore/host-config:0
[  203291ms] [ERROR] Client Error: response received with status 404 when attempting to reach /_stcore/host-config @ https://designatory-scrawnier-rocco.ngrok-free.dev/static/js/index.Drusyo5m.js:148
[  203291ms] [ERROR] Connection failed with status 404. @ https://designatory-scrawnier-rocco.ngrok-free.dev/static/js/index.Drusyo5m.js:154
[  205606ms] [ERROR] Failed to load resource: the server responded with a status of 404 () @ https://designatory-scrawnier-rocco.ngrok-free.dev/login/_stcore/health:0
[  205617ms] [ERROR] Failed to load resource: the server responded with a status of 404 () @ https://designatory-scrawnier-rocco.ngrok-free.dev/login/_stcore/host-config:0
[  205833ms] [ERROR] Client Error: response received with status 404 when attempting to reach /login/_stcore/health @ https://designatory-scrawnier-rocco.ngrok-free.dev/static/js/index.Drusyo5m.js:148
[  205833ms] [ERROR] Connection failed with status 404. @ https://designatory-scrawnier-rocco.ngrok-free.dev/static/js/index.Drusyo5m.js:154
[  208032ms] [ERROR] Failed to load resource: the server responded with a status of 404 () @ https://designatory-scrawnier-rocco.ngrok-free.dev/_stcore/health:0
[  208045ms] [ERROR] Failed to load resource: the server responded with a status of 404 () @ https://designatory-scrawnier-rocco.ngrok-free.dev/_stcore/host-config:0
[  208078ms] [ERROR] Client Error: response received with status 404 when attempting to reach /_stcore/health @ https://designatory-scrawnier-rocco.ngrok-free.dev/static/js/index.Drusyo5m.js:148
[  208078ms] [ERROR] Connection failed with status 404. @ https://designatory-scrawnier-rocco.ngrok-free.dev/static/js/index.Drusyo5m.js:154
[  210276ms] [ERROR] Failed to load resource: the server responded with a status of 404 () @ https://designatory-scrawnier-rocco.ngrok-free.dev/login/_stcore/health:0
[  210289ms] [ERROR] Failed to load resource: the server responded with a status of 404 () @ https://designatory-scrawnier-rocco.ngrok-free.dev/login/_stcore/host-config:0
[  210571ms] [ERROR] Client Error: response received with status 404 when attempting to reach /login/_stcore/health @ https://designatory-scrawnier-rocco.ngrok-free.dev/static/js/index.Drusyo5m.js:148
[  210571ms] [ERROR] Connection failed with status 404. @ https://designatory-scrawnier-rocco.ngrok-free.dev/static/js/index.Drusyo5m.js:154
[  212924ms] [ERROR] Failed to load resource: the server responded with a status of 404 () @ https://designatory-scrawnier-rocco.ngrok-free.dev/_stcore/host-config:0
[  212927ms] [ERROR] Failed to load resource: the server responded with a status of 404 () @ https://designatory-scrawnier-rocco.ngrok-free.dev/_stcore/health:0
[  212970ms] [ERROR] Client Error: response received with status 404 when attempting to reach /_stcore/host-config @ https://designatory-scrawnier-rocco.ngrok-free.dev/static/js/index.Drusyo5m.js:148
[  212970ms] [ERROR] Connection failed with status 404. @ https://designatory-scrawnier-rocco.ngrok-free.dev/static/js/index.Drusyo5m.js:154
[  215175ms] [ERROR] Failed to load resource: the server responded with a status of 404 () @ https://designatory-scrawnier-rocco.ngrok-free.dev/login/_stcore/host-config:0
[  215184ms] [ERROR] Failed to load resource: the server responded with a status of 404 () @ https://designatory-scrawnier-rocco.ngrok-free.dev/login/_stcore/health:0
[  215220ms] [ERROR] Client Error: response received with status 404 when attempting to reach /login/_stcore/host-config @ https://designatory-scrawnier-rocco.ngrok-free.dev/static/js/index.Drusyo5m.js:148
[  215220ms] [ERROR] Connection failed with status 404. @ https://designatory-scrawnier-rocco.ngrok-free.dev/static/js/index.Drusyo5m.js:154
[  217639ms] [ERROR] Failed to load resource: the server responded with a status of 404 () @ https://designatory-scrawnier-rocco.ngrok-free.dev/_stcore/health:0
[  217645ms] [ERROR] Failed to load resource: the server responded with a status of 404 () @ https://designatory-scrawnier-rocco.ngrok-free.dev/_stcore/host-config:0
[  217686ms] [ERROR] Client Error: response received with status 404 when attempting to reach /_stcore/health @ https://designatory-scrawnier-rocco.ngrok-free.dev/static/js/index.Drusyo5m.js:148
[  217686ms] [ERROR] Connection failed with status 404. @ https://designatory-scrawnier-rocco.ngrok-free.dev/static/js/index.Drusyo5m.js:154
[  219803ms] [ERROR] Failed to load resource: the server responded with a status of 404 () @ https://designatory-scrawnier-rocco.ngrok-free.dev/login/_stcore/health:0
[  219897ms] [ERROR] Failed to load resource: the server responded with a status of 404 () @ https://designatory-scrawnier-rocco.ngrok-free.dev/login/_stcore/host-config:0
[  219936ms] [ERROR] Client Error: response received with status 404 when attempting to reach /login/_stcore/health @ https://designatory-scrawnier-rocco.ngrok-free.dev/static/js/index.Drusyo5m.js:148
[  219936ms] [ERROR] Connection failed with status 404. @ https://designatory-scrawnier-rocco.ngrok-free.dev/static/js/index.Drusyo5m.js:154
[  222156ms] [ERROR] Failed to load resource: the server responded with a status of 404 () @ https://designatory-scrawnier-rocco.ngrok-free.dev/_stcore/health:0
[  222166ms] [ERROR] Failed to load resource: the server responded with a status of 404 () @ https://designatory-scrawnier-rocco.ngrok-free.dev/_stcore/host-config:0
[  222200ms] [ERROR] Client Error: response received with status 404 when attempting to reach /_stcore/health @ https://designatory-scrawnier-rocco.ngrok-free.dev/static/js/index.Drusyo5m.js:148
[  222200ms] [ERROR] Connection failed with status 404. @ https://designatory-scrawnier-rocco.ngrok-free.dev/static/js/index.Drusyo5m.js:154
