[     126ms] [INFO] %cDownload the React DevTools for a better development experience: https://react.dev/link/react-devtools font-weight:bold @ http://localhost:3000/_next/static/chunks/04jr_next_dist_04nh14m._.js:2431
[     149ms] [LOG] [HMR] connected @ http://localhost:3000/_next/static/chunks/04jr_next_dist_04nh14m._.js:2431
[     185ms] [WARNING] Image with src "/images/ecoatm_logo.svg" was detected as the Largest Contentful Paint (LCP). Please add the `loading="eager"` property if this image is above the fold.
Read more: https://nextjs.org/docs/app/api-reference/components/image#loading @ http://localhost:3000/_next/static/chunks/04jr_next_dist_04nh14m._.js:2431
[     196ms] [WARNING] Image with src "http://localhost:3000/images/ecoatm_logo.svg" has either width or height modified, but not the other. If you use CSS to change the size of your image, also include the styles 'width: "auto"' or 'height: "auto"' to maintain the aspect ratio. @ http://localhost:3000/_next/static/chunks/04jr_next_dist_04nh14m._.js:2431
[     233ms] [WARNING] Image with src "/images/pws_card.png" has either width or height modified, but not the other. If you use CSS to change the size of your image, also include the styles 'width: "auto"' or 'height: "auto"' to maintain the aspect ratio. @ http://localhost:3000/_next/static/chunks/04jr_next_dist_04nh14m._.js:2431
[     235ms] [WARNING] Image with src "/images/auction_card.png" has either width or height modified, but not the other. If you use CSS to change the size of your image, also include the styles 'width: "auto"' or 'height: "auto"' to maintain the aspect ratio. @ http://localhost:3000/_next/static/chunks/04jr_next_dist_04nh14m._.js:2431
[     256ms] [WARNING] Image with src "/images/pws_card.png" was detected as the Largest Contentful Paint (LCP). Please add the `loading="eager"` property if this image is above the fold.
Read more: https://nextjs.org/docs/app/api-reference/components/image#loading @ http://localhost:3000/_next/static/chunks/04jr_next_dist_04nh14m._.js:2431
[    4025ms] [LOG] [Fast Refresh] rebuilding @ http://localhost:3000/_next/static/chunks/04jr_next_dist_04nh14m._.js:2431
[    4214ms] [LOG] [Fast Refresh] done in 298ms @ http://localhost:3000/_next/static/chunks/04jr_next_dist_04nh14m._.js:2431
[   11314ms] [ERROR] Failed to load resource: the server responded with a status of 403 () @ http://localhost:8080/api/v1/pws/session/activate:0
[   31211ms] [LOG] [Fast Refresh] rebuilding @ http://localhost:3000/_next/static/chunks/04jr_next_dist_04nh14m._.js:2431
[   31472ms] [LOG] [Fast Refresh] done in 371ms @ http://localhost:3000/_next/static/chunks/04jr_next_dist_04nh14m._.js:2431
[   44754ms] [LOG] [Fast Refresh] rebuilding @ http://localhost:3000/_next/static/chunks/04jr_next_dist_04nh14m._.js:2431
[   44958ms] [LOG] [Fast Refresh] done in 318ms @ http://localhost:3000/_next/static/chunks/04jr_next_dist_04nh14m._.js:2431
[   55783ms] [LOG] [Fast Refresh] rebuilding @ http://localhost:3000/_next/static/chunks/04jr_next_dist_04nh14m._.js:2431
[   55926ms] [LOG] [Fast Refresh] done in 254ms @ http://localhost:3000/_next/static/chunks/04jr_next_dist_04nh14m._.js:2431
[  747874ms] [LOG] [Fast Refresh] rebuilding @ http://localhost:3000/_next/static/chunks/04jr_next_dist_04nh14m._.js:2431
[  747923ms] [LOG] [Fast Refresh] done in 126ms @ http://localhost:3000/_next/static/chunks/04jr_next_dist_04nh14m._.js:2431
[  763119ms] [LOG] [Fast Refresh] rebuilding @ http://localhost:3000/_next/static/chunks/04jr_next_dist_04nh14m._.js:2431
[  763217ms] [LOG] [Fast Refresh] done in 113ms @ http://localhost:3000/_next/static/chunks/04jr_next_dist_04nh14m._.js:2431
[  777033ms] [LOG] [Fast Refresh] rebuilding @ http://localhost:3000/_next/static/chunks/04jr_next_dist_04nh14m._.js:2431
[  777118ms] [LOG] [Fast Refresh] done in 88ms @ http://localhost:3000/_next/static/chunks/04jr_next_dist_04nh14m._.js:2431
[  782992ms] [LOG] [Fast Refresh] rebuilding @ http://localhost:3000/_next/static/chunks/04jr_next_dist_04nh14m._.js:2431
[  783068ms] [LOG] [Fast Refresh] done in 90ms @ http://localhost:3000/_next/static/chunks/04jr_next_dist_04nh14m._.js:2431
[  797187ms] [LOG] [Fast Refresh] rebuilding @ http://localhost:3000/_next/static/chunks/04jr_next_dist_04nh14m._.js:2431
[  797271ms] [LOG] [Fast Refresh] done in 85ms @ http://localhost:3000/_next/static/chunks/04jr_next_dist_04nh14m._.js:2431
[  801462ms] [LOG] [Fast Refresh] rebuilding @ http://localhost:3000/_next/static/chunks/04jr_next_dist_04nh14m._.js:2431
[  801543ms] [LOG] [Fast Refresh] done in 83ms @ http://localhost:3000/_next/static/chunks/04jr_next_dist_04nh14m._.js:2431
[  808446ms] [LOG] [Fast Refresh] rebuilding @ http://localhost:3000/_next/static/chunks/04jr_next_dist_04nh14m._.js:2431
[  808480ms] [LOG] [Fast Refresh] done in 53ms @ http://localhost:3000/_next/static/chunks/04jr_next_dist_04nh14m._.js:2431
[  828738ms] [LOG] [Fast Refresh] rebuilding @ http://localhost:3000/_next/static/chunks/04jr_next_dist_04nh14m._.js:2431
[  828765ms] [LOG] [Fast Refresh] done in 56ms @ http://localhost:3000/_next/static/chunks/04jr_next_dist_04nh14m._.js:2431
[  856027ms] [LOG] [Fast Refresh] rebuilding @ http://localhost:3000/_next/static/chunks/04jr_next_dist_04nh14m._.js:2431
[  856061ms] [LOG] [Fast Refresh] done in 85ms @ http://localhost:3000/_next/static/chunks/04jr_next_dist_04nh14m._.js:2431
[  864352ms] [LOG] [Fast Refresh] rebuilding @ http://localhost:3000/_next/static/chunks/04jr_next_dist_04nh14m._.js:2431
[  864364ms] [LOG] [Fast Refresh] done in 71ms @ http://localhost:3000/_next/static/chunks/04jr_next_dist_04nh14m._.js:2431
[  873211ms] [LOG] [Fast Refresh] rebuilding @ http://localhost:3000/_next/static/chunks/04jr_next_dist_04nh14m._.js:2431
[  873247ms] [LOG] [Fast Refresh] done in 75ms @ http://localhost:3000/_next/static/chunks/04jr_next_dist_04nh14m._.js:2431
[  889049ms] [LOG] [Fast Refresh] rebuilding @ http://localhost:3000/_next/static/chunks/04jr_next_dist_04nh14m._.js:2431
[  889323ms] [LOG] [Fast Refresh] done in 390ms @ http://localhost:3000/_next/static/chunks/04jr_next_dist_04nh14m._.js:2431
[  898360ms] [LOG] [Fast Refresh] rebuilding @ http://localhost:3000/_next/static/chunks/04jr_next_dist_04nh14m._.js:2431
[  898680ms] [LOG] [Fast Refresh] done in 423ms @ http://localhost:3000/_next/static/chunks/04jr_next_dist_04nh14m._.js:2431
[ 1024927ms] [LOG] [Fast Refresh] rebuilding @ http://localhost:3000/_next/static/chunks/04jr_next_dist_04nh14m._.js:2431
[ 1025160ms] [LOG] [Fast Refresh] done in 343ms @ http://localhost:3000/_next/static/chunks/04jr_next_dist_04nh14m._.js:2431
[ 1043572ms] [LOG] [Fast Refresh] rebuilding @ http://localhost:3000/_next/static/chunks/04jr_next_dist_04nh14m._.js:2431
[ 1043762ms] [LOG] [Fast Refresh] done in 294ms @ http://localhost:3000/_next/static/chunks/04jr_next_dist_04nh14m._.js:2431
