[      73ms] [ERROR] Failed to load resource: the server responded with a status of 404 (Not Found) @ http://localhost:3000/pws/grading?_rsc=i3m8t:0
[      77ms] [ERROR] Failed to load resource: the server responded with a status of 404 (Not Found) @ http://localhost:3000/pws/faqs?_rsc=i3m8t:0
[      94ms] [ERROR] Failed to load resource: the server responded with a status of 404 (Not Found) @ http://localhost:3000/pws/orders?_rsc=i3m8t:0
[     116ms] [ERROR] Failed to load resource: the server responded with a status of 404 (Not Found) @ http://localhost:3000/pws/pricing?_rsc=i3m8t:0
[    1836ms] [ERROR] Failed to load resource: the server responded with a status of 401 (Unauthorized) @ http://localhost:3000/api/v1/admin/feature-flags:0
[    4852ms] [WARNING] The resource http://localhost:3000/_next/static/chunks/0hm808tvvolpf.css was preloaded using link preload but not used within a few seconds from the window's load event. Please make sure it has an appropriate `as` value and it is preloaded intentionally. @ http://localhost:3000/pws/inventory:0
[    4853ms] [WARNING] The resource http://localhost:3000/_next/static/chunks/17mwr48v96q_d.css was preloaded using link preload but not used within a few seconds from the window's load event. Please make sure it has an appropriate `as` value and it is preloaded intentionally. @ http://localhost:3000/pws/inventory:0
[    4853ms] [WARNING] The resource http://localhost:3000/_next/static/chunks/0mm0wh4r19s05.css was preloaded using link preload but not used within a few seconds from the window's load event. Please make sure it has an appropriate `as` value and it is preloaded intentionally. @ http://localhost:3000/pws/inventory:0
[    4853ms] [WARNING] The resource http://localhost:3000/_next/static/chunks/0opfw2oow3i7f.css was preloaded using link preload but not used within a few seconds from the window's load event. Please make sure it has an appropriate `as` value and it is preloaded intentionally. @ http://localhost:3000/pws/inventory:0
[   57871ms] [ERROR] Failed to load resource: the server responded with a status of 404 (Not Found) @ http://localhost:3000/pws/grading?_rsc=i3m8t:0
[   57873ms] [ERROR] Failed to load resource: the server responded with a status of 404 (Not Found) @ http://localhost:3000/pws/faqs?_rsc=i3m8t:0
[   57885ms] [ERROR] Failed to load resource: the server responded with a status of 404 (Not Found) @ http://localhost:3000/pws/orders?_rsc=i3m8t:0
[   57905ms] [ERROR] Failed to load resource: the server responded with a status of 404 (Not Found) @ http://localhost:3000/pws/pricing?_rsc=i3m8t:0
[   59610ms] [ERROR] Failed to load resource: the server responded with a status of 401 (Unauthorized) @ http://localhost:3000/api/v1/admin/feature-flags:0
[   62619ms] [WARNING] The resource http://localhost:3000/_next/static/chunks/0hm808tvvolpf.css was preloaded using link preload but not used within a few seconds from the window's load event. Please make sure it has an appropriate `as` value and it is preloaded intentionally. @ http://localhost:3000/pws/inventory:0
[   62619ms] [WARNING] The resource http://localhost:3000/_next/static/chunks/17mwr48v96q_d.css was preloaded using link preload but not used within a few seconds from the window's load event. Please make sure it has an appropriate `as` value and it is preloaded intentionally. @ http://localhost:3000/pws/inventory:0
[   62619ms] [WARNING] The resource http://localhost:3000/_next/static/chunks/0mm0wh4r19s05.css was preloaded using link preload but not used within a few seconds from the window's load event. Please make sure it has an appropriate `as` value and it is preloaded intentionally. @ http://localhost:3000/pws/inventory:0
[   62619ms] [WARNING] The resource http://localhost:3000/_next/static/chunks/0opfw2oow3i7f.css was preloaded using link preload but not used within a few seconds from the window's load event. Please make sure it has an appropriate `as` value and it is preloaded intentionally. @ http://localhost:3000/pws/inventory:0
[   82050ms] [ERROR] Failed to load resource: the server responded with a status of 404 (Not Found) @ http://localhost:3000/pws/grading?_rsc=i3m8t:0
[   82057ms] [ERROR] Failed to load resource: the server responded with a status of 404 (Not Found) @ http://localhost:3000/pws/faqs?_rsc=i3m8t:0
[   82076ms] [ERROR] Failed to load resource: the server responded with a status of 404 (Not Found) @ http://localhost:3000/pws/orders?_rsc=i3m8t:0
[   82087ms] [ERROR] Failed to load resource: the server responded with a status of 404 (Not Found) @ http://localhost:3000/pws/pricing?_rsc=i3m8t:0
[   83594ms] [ERROR] Failed to load resource: the server responded with a status of 401 (Unauthorized) @ http://localhost:3000/api/v1/admin/feature-flags:0
[   86600ms] [WARNING] The resource http://localhost:3000/_next/static/chunks/0hm808tvvolpf.css was preloaded using link preload but not used within a few seconds from the window's load event. Please make sure it has an appropriate `as` value and it is preloaded intentionally. @ http://localhost:3000/pws/inventory?_=1775696157854:0
[   86601ms] [WARNING] The resource http://localhost:3000/_next/static/chunks/17mwr48v96q_d.css was preloaded using link preload but not used within a few seconds from the window's load event. Please make sure it has an appropriate `as` value and it is preloaded intentionally. @ http://localhost:3000/pws/inventory?_=1775696157854:0
[   86601ms] [WARNING] The resource http://localhost:3000/_next/static/chunks/0mm0wh4r19s05.css was preloaded using link preload but not used within a few seconds from the window's load event. Please make sure it has an appropriate `as` value and it is preloaded intentionally. @ http://localhost:3000/pws/inventory?_=1775696157854:0
[   86601ms] [WARNING] The resource http://localhost:3000/_next/static/chunks/0opfw2oow3i7f.css was preloaded using link preload but not used within a few seconds from the window's load event. Please make sure it has an appropriate `as` value and it is preloaded intentionally. @ http://localhost:3000/pws/inventory?_=1775696157854:0
