[     112ms] [LOG] [Fast Refresh] rebuilding @ http://localhost:3000/_next/static/chunks/04jr_next_dist_04nh14m._.js:2431
[     177ms] [LOG] [Fast Refresh] done in 167ms @ http://localhost:3000/_next/static/chunks/04jr_next_dist_04nh14m._.js:2431
[     297ms] [INFO] %cDownload the React DevTools for a better development experience: https://react.dev/link/react-devtools font-weight:bold @ http://localhost:3000/_next/static/chunks/04jr_next_dist_04nh14m._.js:2431
[     320ms] [LOG] [HMR] connected @ http://localhost:3000/_next/static/chunks/04jr_next_dist_04nh14m._.js:2431
[     348ms] [WARNING] Image with src "/images/ecoatm_logo.svg" was detected as the Largest Contentful Paint (LCP). Please add the `loading="eager"` property if this image is above the fold.
Read more: https://nextjs.org/docs/app/api-reference/components/image#loading @ http://localhost:3000/_next/static/chunks/04jr_next_dist_04nh14m._.js:2431
[     360ms] [WARNING] Image with src "http://localhost:3000/images/ecoatm_logo.svg" has either width or height modified, but not the other. If you use CSS to change the size of your image, also include the styles 'width: "auto"' or 'height: "auto"' to maintain the aspect ratio. @ http://localhost:3000/_next/static/chunks/04jr_next_dist_04nh14m._.js:2431
[     424ms] [WARNING] Image with src "/images/pws_card.png" has either width or height modified, but not the other. If you use CSS to change the size of your image, also include the styles 'width: "auto"' or 'height: "auto"' to maintain the aspect ratio. @ http://localhost:3000/_next/static/chunks/04jr_next_dist_04nh14m._.js:2431
[     431ms] [WARNING] Image with src "/images/auction_card.png" has either width or height modified, but not the other. If you use CSS to change the size of your image, also include the styles 'width: "auto"' or 'height: "auto"' to maintain the aspect ratio. @ http://localhost:3000/_next/static/chunks/04jr_next_dist_04nh14m._.js:2431
[     448ms] [WARNING] Image with src "/images/pws_card.png" was detected as the Largest Contentful Paint (LCP). Please add the `loading="eager"` property if this image is above the fold.
Read more: https://nextjs.org/docs/app/api-reference/components/image#loading @ http://localhost:3000/_next/static/chunks/04jr_next_dist_04nh14m._.js:2431
[   12103ms] [LOG] [Fast Refresh] rebuilding @ http://localhost:3000/_next/static/chunks/04jr_next_dist_04nh14m._.js:2431
[   12338ms] [LOG] [Fast Refresh] done in 346ms @ http://localhost:3000/_next/static/chunks/04jr_next_dist_04nh14m._.js:2431
[   24010ms] [ERROR] Failed to load resource: the server responded with a status of 403 () @ http://localhost:8080/api/v1/pws/session/activate:0
[   40923ms] [LOG] [Fast Refresh] rebuilding @ http://localhost:3000/_next/static/chunks/04jr_next_dist_04nh14m._.js:2431
[   41093ms] [LOG] [Fast Refresh] done in 278ms @ http://localhost:3000/_next/static/chunks/04jr_next_dist_04nh14m._.js:2431
[  401130ms] [LOG] [Fast Refresh] rebuilding @ http://localhost:3000/_next/static/chunks/04jr_next_dist_04nh14m._.js:2431
[  401162ms] [LOG] [Fast Refresh] done in 53ms @ http://localhost:3000/_next/static/chunks/04jr_next_dist_04nh14m._.js:2431
[  406425ms] [LOG] [Fast Refresh] rebuilding @ http://localhost:3000/_next/static/chunks/04jr_next_dist_04nh14m._.js:2431
[  406519ms] [LOG] [Fast Refresh] done in 68ms @ http://localhost:3000/_next/static/chunks/04jr_next_dist_04nh14m._.js:2431
[  412255ms] [LOG] [Fast Refresh] rebuilding @ http://localhost:3000/_next/static/chunks/04jr_next_dist_04nh14m._.js:2431
[  412277ms] [LOG] [Fast Refresh] done in 82ms @ http://localhost:3000/_next/static/chunks/04jr_next_dist_04nh14m._.js:2431
[  416686ms] [LOG] [Fast Refresh] rebuilding @ http://localhost:3000/_next/static/chunks/04jr_next_dist_04nh14m._.js:2431
[  416764ms] [LOG] [Fast Refresh] done in 84ms @ http://localhost:3000/_next/static/chunks/04jr_next_dist_04nh14m._.js:2431
[  422100ms] [LOG] [Fast Refresh] rebuilding @ http://localhost:3000/_next/static/chunks/04jr_next_dist_04nh14m._.js:2431
[  422179ms] [LOG] [Fast Refresh] done in 77ms @ http://localhost:3000/_next/static/chunks/04jr_next_dist_04nh14m._.js:2431
[  431910ms] [LOG] [Fast Refresh] rebuilding @ http://localhost:3000/_next/static/chunks/04jr_next_dist_04nh14m._.js:2431
[  432001ms] [LOG] [Fast Refresh] done in 107ms @ http://localhost:3000/_next/static/chunks/04jr_next_dist_04nh14m._.js:2431
[  443522ms] [LOG] [Fast Refresh] rebuilding @ http://localhost:3000/_next/static/chunks/04jr_next_dist_04nh14m._.js:2431
[  443639ms] [LOG] [Fast Refresh] done in 117ms @ http://localhost:3000/_next/static/chunks/04jr_next_dist_04nh14m._.js:2431
[  457672ms] [LOG] [Fast Refresh] rebuilding @ http://localhost:3000/_next/static/chunks/04jr_next_dist_04nh14m._.js:2431
[  457753ms] [LOG] [Fast Refresh] done in 68ms @ http://localhost:3000/_next/static/chunks/04jr_next_dist_04nh14m._.js:2431
[  467154ms] [LOG] [Fast Refresh] rebuilding @ http://localhost:3000/_next/static/chunks/04jr_next_dist_04nh14m._.js:2431
[  467179ms] [LOG] [Fast Refresh] done in 66ms @ http://localhost:3000/_next/static/chunks/04jr_next_dist_04nh14m._.js:2431
[  472616ms] [LOG] [Fast Refresh] rebuilding @ http://localhost:3000/_next/static/chunks/04jr_next_dist_04nh14m._.js:2431
[  472707ms] [LOG] [Fast Refresh] done in 78ms @ http://localhost:3000/_next/static/chunks/04jr_next_dist_04nh14m._.js:2431
[  580524ms] [LOG] [Fast Refresh] rebuilding @ http://localhost:3000/_next/static/chunks/04jr_next_dist_04nh14m._.js:2431
[  580956ms] [LOG] [Fast Refresh] done in 536ms @ http://localhost:3000/_next/static/chunks/04jr_next_dist_04nh14m._.js:2431
[  591831ms] [LOG] [Fast Refresh] rebuilding @ http://localhost:3000/_next/static/chunks/04jr_next_dist_04nh14m._.js:2431
[  591955ms] [LOG] [Fast Refresh] done in 229ms @ http://localhost:3000/_next/static/chunks/04jr_next_dist_04nh14m._.js:2431
