[   13120ms] [INFO] %cDownload the React DevTools for a better development experience: https://react.dev/link/react-devtools font-weight:bold @ http://localhost:3000/_next/static/chunks/04jr_next_dist_04nh14m._.js:2431
[   13183ms] [LOG] [HMR] connected @ http://localhost:3000/_next/static/chunks/04jr_next_dist_04nh14m._.js:2431
[   13220ms] [WARNING] Image with src "/images/ecoatm_logo.svg" was detected as the Largest Contentful Paint (LCP). Please add the `loading="eager"` property if this image is above the fold.
Read more: https://nextjs.org/docs/app/api-reference/components/image#loading @ http://localhost:3000/_next/static/chunks/04jr_next_dist_04nh14m._.js:2431
[   13227ms] [WARNING] Image with src "http://localhost:3000/images/ecoatm_logo.svg" has either width or height modified, but not the other. If you use CSS to change the size of your image, also include the styles 'width: "auto"' or 'height: "auto"' to maintain the aspect ratio. @ http://localhost:3000/_next/static/chunks/04jr_next_dist_04nh14m._.js:2431
[   15589ms] [ERROR] Failed to load resource: net::ERR_CONNECTION_REFUSED @ http://localhost:8080/api/v1/users/direct-users?page=0&pageSize=20:0
[   15590ms] [ERROR] Failed to fetch users TypeError: Failed to fetch
    at UsersOverviewPage.useCallback[fetchUsers] (http://localhost:3000/_next/static/chunks/SalesPlatform_Modern_frontend_src_app_(dashboard)_users_0o9v0ro._.js:111:35)
    at UsersOverviewPage.useEffect (http://localhost:3000/_next/static/chunks/SalesPlatform_Modern_frontend_src_app_(dashboard)_users_0o9v0ro._.js:127:13)
    at Object.react_stack_bottom_frame (http://localhost:3000/_next/static/chunks/04jr_next_dist_compiled_react-dom_0d19tvy._.js:15087:22)
    at runWithFiberInDEV (http://localhost:3000/_next/static/chunks/04jr_next_dist_compiled_react-dom_0d19tvy._.js:965:74)
    at commitHookEffectListMount (http://localhost:3000/_next/static/chunks/04jr_next_dist_compiled_react-dom_0d19tvy._.js:7255:167)
    at commitHookPassiveMountEffects (http://localhost:3000/_next/static/chunks/04jr_next_dist_compiled_react-dom_0d19tvy._.js:7290:60)
    at commitPassiveMountOnFiber (http://localhost:3000/_next/static/chunks/04jr_next_dist_compiled_react-dom_0d19tvy._.js:8689:33)
    at recursivelyTraversePassiveMountEffects (http://localhost:3000/_next/static/chunks/04jr_next_dist_compiled_react-dom_0d19tvy._.js:8676:316)
    at commitPassiveMountOnFiber (http://localhost:3000/_next/static/chunks/04jr_next_dist_compiled_react-dom_0d19tvy._.js:8688:17)
    at recursivelyTraversePassiveMountEffects (http://localhost:3000/_next/static/chunks/04jr_next_dist_compiled_react-dom_0d19tvy._.js:8676:316)
    at commitPassiveMountOnFiber (http://localhost:3000/_next/static/chunks/04jr_next_dist_compiled_react-dom_0d19tvy._.js:8688:17)
    at recursivelyTraversePassiveMountEffects (http://localhost:3000/_next/static/chunks/04jr_next_dist_compiled_react-dom_0d19tvy._.js:8676:316)
    at commitPassiveMountOnFiber (http://localhost:3000/_next/static/chunks/04jr_next_dist_compiled_react-dom_0d19tvy._.js:8750:17)
    at recursivelyTraversePassiveMountEffects (http://localhost:3000/_next/static/chunks/04jr_next_dist_compiled_react-dom_0d19tvy._.js:8676:316)
    at commitPassiveMountOnFiber (http://localhost:3000/_next/static/chunks/04jr_next_dist_compiled_react-dom_0d19tvy._.js:8750:17)
    at recursivelyTraversePassiveMountEffects (http://localhost:3000/_next/static/chunks/04jr_next_dist_compiled_react-dom_0d19tvy._.js:8676:316)
    at commitPassiveMountOnFiber (http://localhost:3000/_next/static/chunks/04jr_next_dist_compiled_react-dom_0d19tvy._.js:8688:17)
    at recursivelyTraversePassiveMountEffects (http://localhost:3000/_next/static/chunks/04jr_next_dist_compiled_react-dom_0d19tvy._.js:8676:316)
    at commitPassiveMountOnFiber (http://localhost:3000/_next/static/chunks/04jr_next_dist_compiled_react-dom_0d19tvy._.js:8693:17)
    at recursivelyTraversePassiveMountEffects (http://localhost:3000/_next/static/chunks/04jr_next_dist_compiled_react-dom_0d19tvy._.js:8676:316)
    at commitPassiveMountOnFiber (http://localhost:3000/_next/static/chunks/04jr_next_dist_compiled_react-dom_0d19tvy._.js:8688:17)
    at recursivelyTraversePassiveMountEffects (http://localhost:3000/_next/static/chunks/04jr_next_dist_compiled_react-dom_0d19tvy._.js:8676:316)
    at commitPassiveMountOnFiber (http://localhost:3000/_next/static/chunks/04jr_next_dist_compiled_react-dom_0d19tvy._.js:8688:17)
    at recursivelyTraversePassiveMountEffects (http://localhost:3000/_next/static/chunks/04jr_next_dist_compiled_react-dom_0d19tvy._.js:8676:316)
    at commitPassiveMountOnFiber (http://localhost:3000/_next/static/chunks/04jr_next_dist_compiled_react-dom_0d19tvy._.js:8688:17)
    at recursivelyTraversePassiveMountEffects (http://localhost:3000/_next/static/chunks/04jr_next_dist_compiled_react-dom_0d19tvy._.js:8676:316)
    at commitPassiveMountOnFiber (http://localhost:3000/_next/static/chunks/04jr_next_dist_compiled_react-dom_0d19tvy._.js:8688:17)
    at recursivelyTraversePassiveMountEffects (http://localhost:3000/_next/static/chunks/04jr_next_dist_compiled_react-dom_0d19tvy._.js:8676:316)
    at commitPassiveMountOnFiber (http://localhost:3000/_next/static/chunks/04jr_next_dist_compiled_react-dom_0d19tvy._.js:8693:17)
    at recursivelyTraversePassiveMountEffects (http://localhost:3000/_next/static/chunks/04jr_next_dist_compiled_react-dom_0d19tvy._.js:8676:316)
    at commitPassiveMountOnFiber (http://localhost:3000/_next/static/chunks/04jr_next_dist_compiled_react-dom_0d19tvy._.js:8688:17)
    at recursivelyTraversePassiveMountEffects (http://localhost:3000/_next/static/chunks/04jr_next_dist_compiled_react-dom_0d19tvy._.js:8676:316)
    at commitPassiveMountOnFiber (http://localhost:3000/_next/static/chunks/04jr_next_dist_compiled_react-dom_0d19tvy._.js:8688:17)
    at recursivelyTraversePassiveMountEffects (http://localhost:3000/_next/static/chunks/04jr_next_dist_compiled_react-dom_0d19tvy._.js:8676:316)
    at commitPassiveMountOnFiber (http://localhost:3000/_next/static/chunks/04jr_next_dist_compiled_react-dom_0d19tvy._.js:8750:17)
    at recursivelyTraversePassiveMountEffects (http://localhost:3000/_next/static/chunks/04jr_next_dist_compiled_react-dom_0d19tvy._.js:8676:316)
    at commitPassiveMountOnFiber (http://localhost:3000/_next/static/chunks/04jr_next_dist_compiled_react-dom_0d19tvy._.js:8750:17)
    at recursivelyTraversePassiveMountEffects (http://localhost:3000/_next/static/chunks/04jr_next_dist_compiled_react-dom_0d19tvy._.js:8676:316)
    at commitPassiveMountOnFiber (http://localhost:3000/_next/static/chunks/04jr_next_dist_compiled_react-dom_0d19tvy._.js:8688:17)
    at recursivelyTraversePassiveMountEffects (http://localhost:3000/_next/static/chunks/04jr_next_dist_compiled_react-dom_0d19tvy._.js:8676:316)
    at commitPassiveMountOnFiber (http://localhost:3000/_next/static/chunks/04jr_next_dist_compiled_react-dom_0d19tvy._.js:8688:17)
    at recursivelyTraversePassiveMountEffects (http://localhost:3000/_next/static/chunks/04jr_next_dist_compiled_react-dom_0d19tvy._.js:8676:316)
    at commitPassiveMountOnFiber (http://localhost:3000/_next/static/chunks/04jr_next_dist_compiled_react-dom_0d19tvy._.js:8750:17)
    at recursivelyTraversePassiveMountEffects (http://localhost:3000/_next/static/chunks/04jr_next_dist_compiled_react-dom_0d19tvy._.js:8676:316)
    at commitPassiveMountOnFiber (http://localhost:3000/_next/static/chunks/04jr_next_dist_compiled_react-dom_0d19tvy._.js:8750:17)
    at recursivelyTraversePassiveMountEffects (http://localhost:3000/_next/static/chunks/04jr_next_dist_compiled_react-dom_0d19tvy._.js:8676:316)
    at commitPassiveMountOnFiber (http://localhost:3000/_next/static/chunks/04jr_next_dist_compiled_react-dom_0d19tvy._.js:8750:17)
    at recursivelyTraversePassiveMountEffects (http://localhost:3000/_next/static/chunks/04jr_next_dist_compiled_react-dom_0d19tvy._.js:8676:316)
    at commitPassiveMountOnFiber (http://localhost:3000/_next/static/chunks/04jr_next_dist_compiled_react-dom_0d19tvy._.js:8688:17)
    at recursivelyTraversePassiveMountEffects (http://localhost:3000/_next/static/chunks/04jr_next_dist_compiled_react-dom_0d19tvy._.js:8676:316) @ http://localhost:3000/_next/static/chunks/04jr_next_dist_04nh14m._.js:3272
[   15853ms] [ERROR] Failed to load resource: net::ERR_CONNECTION_REFUSED @ http://localhost:8080/api/v1/users/direct-users?page=0&pageSize=20:0
[   15854ms] [ERROR] Failed to fetch users TypeError: Failed to fetch
    at UsersOverviewPage.useCallback[fetchUsers] (http://localhost:3000/_next/static/chunks/SalesPlatform_Modern_frontend_src_app_(dashboard)_users_0o9v0ro._.js:111:35)
    at UsersOverviewPage.useEffect (http://localhost:3000/_next/static/chunks/SalesPlatform_Modern_frontend_src_app_(dashboard)_users_0o9v0ro._.js:127:13)
    at Object.react_stack_bottom_frame (http://localhost:3000/_next/static/chunks/04jr_next_dist_compiled_react-dom_0d19tvy._.js:15087:22)
    at runWithFiberInDEV (http://localhost:3000/_next/static/chunks/04jr_next_dist_compiled_react-dom_0d19tvy._.js:965:74)
    at commitHookEffectListMount (http://localhost:3000/_next/static/chunks/04jr_next_dist_compiled_react-dom_0d19tvy._.js:7255:167)
    at commitHookPassiveMountEffects (http://localhost:3000/_next/static/chunks/04jr_next_dist_compiled_react-dom_0d19tvy._.js:7290:60)
    at commitPassiveMountOnFiber (http://localhost:3000/_next/static/chunks/04jr_next_dist_compiled_react-dom_0d19tvy._.js:8689:33)
    at recursivelyTraversePassiveMountEffects (http://localhost:3000/_next/static/chunks/04jr_next_dist_compiled_react-dom_0d19tvy._.js:8676:316)
    at commitPassiveMountOnFiber (http://localhost:3000/_next/static/chunks/04jr_next_dist_compiled_react-dom_0d19tvy._.js:8688:17)
    at recursivelyTraversePassiveMountEffects (http://localhost:3000/_next/static/chunks/04jr_next_dist_compiled_react-dom_0d19tvy._.js:8676:316)
    at commitPassiveMountOnFiber (http://localhost:3000/_next/static/chunks/04jr_next_dist_compiled_react-dom_0d19tvy._.js:8688:17)
    at recursivelyTraversePassiveMountEffects (http://localhost:3000/_next/static/chunks/04jr_next_dist_compiled_react-dom_0d19tvy._.js:8676:316)
    at commitPassiveMountOnFiber (http://localhost:3000/_next/static/chunks/04jr_next_dist_compiled_react-dom_0d19tvy._.js:8750:17)
    at recursivelyTraversePassiveMountEffects (http://localhost:3000/_next/static/chunks/04jr_next_dist_compiled_react-dom_0d19tvy._.js:8676:316)
    at commitPassiveMountOnFiber (http://localhost:3000/_next/static/chunks/04jr_next_dist_compiled_react-dom_0d19tvy._.js:8750:17)
    at recursivelyTraversePassiveMountEffects (http://localhost:3000/_next/static/chunks/04jr_next_dist_compiled_react-dom_0d19tvy._.js:8676:316)
    at commitPassiveMountOnFiber (http://localhost:3000/_next/static/chunks/04jr_next_dist_compiled_react-dom_0d19tvy._.js:8688:17)
    at recursivelyTraversePassiveMountEffects (http://localhost:3000/_next/static/chunks/04jr_next_dist_compiled_react-dom_0d19tvy._.js:8676:316)
    at commitPassiveMountOnFiber (http://localhost:3000/_next/static/chunks/04jr_next_dist_compiled_react-dom_0d19tvy._.js:8693:17)
    at recursivelyTraversePassiveMountEffects (http://localhost:3000/_next/static/chunks/04jr_next_dist_compiled_react-dom_0d19tvy._.js:8676:316)
    at commitPassiveMountOnFiber (http://localhost:3000/_next/static/chunks/04jr_next_dist_compiled_react-dom_0d19tvy._.js:8688:17)
    at recursivelyTraversePassiveMountEffects (http://localhost:3000/_next/static/chunks/04jr_next_dist_compiled_react-dom_0d19tvy._.js:8676:316)
    at commitPassiveMountOnFiber (http://localhost:3000/_next/static/chunks/04jr_next_dist_compiled_react-dom_0d19tvy._.js:8688:17)
    at recursivelyTraversePassiveMountEffects (http://localhost:3000/_next/static/chunks/04jr_next_dist_compiled_react-dom_0d19tvy._.js:8676:316)
    at commitPassiveMountOnFiber (http://localhost:3000/_next/static/chunks/04jr_next_dist_compiled_react-dom_0d19tvy._.js:8688:17)
    at recursivelyTraversePassiveMountEffects (http://localhost:3000/_next/static/chunks/04jr_next_dist_compiled_react-dom_0d19tvy._.js:8676:316)
    at commitPassiveMountOnFiber (http://localhost:3000/_next/static/chunks/04jr_next_dist_compiled_react-dom_0d19tvy._.js:8688:17)
    at recursivelyTraversePassiveMountEffects (http://localhost:3000/_next/static/chunks/04jr_next_dist_compiled_react-dom_0d19tvy._.js:8676:316)
    at commitPassiveMountOnFiber (http://localhost:3000/_next/static/chunks/04jr_next_dist_compiled_react-dom_0d19tvy._.js:8693:17)
    at recursivelyTraversePassiveMountEffects (http://localhost:3000/_next/static/chunks/04jr_next_dist_compiled_react-dom_0d19tvy._.js:8676:316)
    at commitPassiveMountOnFiber (http://localhost:3000/_next/static/chunks/04jr_next_dist_compiled_react-dom_0d19tvy._.js:8688:17)
    at recursivelyTraversePassiveMountEffects (http://localhost:3000/_next/static/chunks/04jr_next_dist_compiled_react-dom_0d19tvy._.js:8676:316)
    at commitPassiveMountOnFiber (http://localhost:3000/_next/static/chunks/04jr_next_dist_compiled_react-dom_0d19tvy._.js:8688:17)
    at recursivelyTraversePassiveMountEffects (http://localhost:3000/_next/static/chunks/04jr_next_dist_compiled_react-dom_0d19tvy._.js:8676:316)
    at commitPassiveMountOnFiber (http://localhost:3000/_next/static/chunks/04jr_next_dist_compiled_react-dom_0d19tvy._.js:8750:17)
    at recursivelyTraversePassiveMountEffects (http://localhost:3000/_next/static/chunks/04jr_next_dist_compiled_react-dom_0d19tvy._.js:8676:316)
    at commitPassiveMountOnFiber (http://localhost:3000/_next/static/chunks/04jr_next_dist_compiled_react-dom_0d19tvy._.js:8750:17)
    at recursivelyTraversePassiveMountEffects (http://localhost:3000/_next/static/chunks/04jr_next_dist_compiled_react-dom_0d19tvy._.js:8676:316)
    at commitPassiveMountOnFiber (http://localhost:3000/_next/static/chunks/04jr_next_dist_compiled_react-dom_0d19tvy._.js:8688:17)
    at recursivelyTraversePassiveMountEffects (http://localhost:3000/_next/static/chunks/04jr_next_dist_compiled_react-dom_0d19tvy._.js:8676:316)
    at commitPassiveMountOnFiber (http://localhost:3000/_next/static/chunks/04jr_next_dist_compiled_react-dom_0d19tvy._.js:8688:17)
    at recursivelyTraversePassiveMountEffects (http://localhost:3000/_next/static/chunks/04jr_next_dist_compiled_react-dom_0d19tvy._.js:8676:316)
    at commitPassiveMountOnFiber (http://localhost:3000/_next/static/chunks/04jr_next_dist_compiled_react-dom_0d19tvy._.js:8750:17)
    at recursivelyTraversePassiveMountEffects (http://localhost:3000/_next/static/chunks/04jr_next_dist_compiled_react-dom_0d19tvy._.js:8676:316)
    at commitPassiveMountOnFiber (http://localhost:3000/_next/static/chunks/04jr_next_dist_compiled_react-dom_0d19tvy._.js:8750:17)
    at recursivelyTraversePassiveMountEffects (http://localhost:3000/_next/static/chunks/04jr_next_dist_compiled_react-dom_0d19tvy._.js:8676:316)
    at commitPassiveMountOnFiber (http://localhost:3000/_next/static/chunks/04jr_next_dist_compiled_react-dom_0d19tvy._.js:8750:17)
    at recursivelyTraversePassiveMountEffects (http://localhost:3000/_next/static/chunks/04jr_next_dist_compiled_react-dom_0d19tvy._.js:8676:316)
    at commitPassiveMountOnFiber (http://localhost:3000/_next/static/chunks/04jr_next_dist_compiled_react-dom_0d19tvy._.js:8688:17)
    at recursivelyTraversePassiveMountEffects (http://localhost:3000/_next/static/chunks/04jr_next_dist_compiled_react-dom_0d19tvy._.js:8676:316) @ http://localhost:3000/_next/static/chunks/04jr_next_dist_04nh14m._.js:3272
