[      37ms] [ERROR] Failed to load resource: the server responded with a status of 404 (Not Found) @ http://localhost:3000/pws/grading?_rsc=1yxae:0
[      45ms] [ERROR] Failed to load resource: the server responded with a status of 404 (Not Found) @ http://localhost:3000/pws/faqs?_rsc=1yxae:0
[    3186ms] [WARNING] The resource http://localhost:3000/_next/static/chunks/0-4d4-95193j5.css was preloaded using link preload but not used within a few seconds from the window's load event. Please make sure it has an appropriate `as` value and it is preloaded intentionally. @ http://localhost:3000/pws/orders:0
[    3186ms] [WARNING] The resource http://localhost:3000/_next/static/chunks/11.z9sqqymxe4.css was preloaded using link preload but not used within a few seconds from the window's load event. Please make sure it has an appropriate `as` value and it is preloaded intentionally. @ http://localhost:3000/pws/orders:0
[    3186ms] [WARNING] The resource http://localhost:3000/_next/static/chunks/0bwl6sg-93d1p.css was preloaded using link preload but not used within a few seconds from the window's load event. Please make sure it has an appropriate `as` value and it is preloaded intentionally. @ http://localhost:3000/pws/orders:0
[    3187ms] [WARNING] The resource http://localhost:3000/_next/static/chunks/08ls9rpwjh~bi.css was preloaded using link preload but not used within a few seconds from the window's load event. Please make sure it has an appropriate `as` value and it is preloaded intentionally. @ http://localhost:3000/pws/orders:0
[    3187ms] [WARNING] The resource http://localhost:3000/_next/static/chunks/0o-hp_j.s5-bq.css was preloaded using link preload but not used within a few seconds from the window's load event. Please make sure it has an appropriate `as` value and it is preloaded intentionally. @ http://localhost:3000/pws/orders:0
[    3187ms] [WARNING] The resource http://localhost:3000/_next/static/chunks/0rp518gysfro6.css was preloaded using link preload but not used within a few seconds from the window's load event. Please make sure it has an appropriate `as` value and it is preloaded intentionally. @ http://localhost:3000/pws/orders:0
[    3187ms] [WARNING] The resource http://localhost:3000/_next/static/chunks/15fcpm0hz4yv7.css was preloaded using link preload but not used within a few seconds from the window's load event. Please make sure it has an appropriate `as` value and it is preloaded intentionally. @ http://localhost:3000/pws/orders:0
[   25459ms] [ERROR] Failed to load resource: the server responded with a status of 404 (Not Found) @ http://localhost:3000/pws/grading?_rsc=1yxae:0
[   25460ms] [ERROR] Failed to load resource: the server responded with a status of 404 (Not Found) @ http://localhost:3000/pws/faqs?_rsc=1yxae:0
[   28559ms] [WARNING] The resource http://localhost:3000/_next/static/chunks/0-4d4-95193j5.css was preloaded using link preload but not used within a few seconds from the window's load event. Please make sure it has an appropriate `as` value and it is preloaded intentionally. @ http://localhost:3000/pws/orders:0
[   28559ms] [WARNING] The resource http://localhost:3000/_next/static/chunks/11.z9sqqymxe4.css was preloaded using link preload but not used within a few seconds from the window's load event. Please make sure it has an appropriate `as` value and it is preloaded intentionally. @ http://localhost:3000/pws/orders:0
[   28559ms] [WARNING] The resource http://localhost:3000/_next/static/chunks/0bwl6sg-93d1p.css was preloaded using link preload but not used within a few seconds from the window's load event. Please make sure it has an appropriate `as` value and it is preloaded intentionally. @ http://localhost:3000/pws/orders:0
[   28559ms] [WARNING] The resource http://localhost:3000/_next/static/chunks/08ls9rpwjh~bi.css was preloaded using link preload but not used within a few seconds from the window's load event. Please make sure it has an appropriate `as` value and it is preloaded intentionally. @ http://localhost:3000/pws/orders:0
[   28559ms] [WARNING] The resource http://localhost:3000/_next/static/chunks/0o-hp_j.s5-bq.css was preloaded using link preload but not used within a few seconds from the window's load event. Please make sure it has an appropriate `as` value and it is preloaded intentionally. @ http://localhost:3000/pws/orders:0
[   28559ms] [WARNING] The resource http://localhost:3000/_next/static/chunks/0rp518gysfro6.css was preloaded using link preload but not used within a few seconds from the window's load event. Please make sure it has an appropriate `as` value and it is preloaded intentionally. @ http://localhost:3000/pws/orders:0
[   28559ms] [WARNING] The resource http://localhost:3000/_next/static/chunks/15fcpm0hz4yv7.css was preloaded using link preload but not used within a few seconds from the window's load event. Please make sure it has an appropriate `as` value and it is preloaded intentionally. @ http://localhost:3000/pws/orders:0
[   69822ms] [ERROR] Failed to load resource: the server responded with a status of 404 (Not Found) @ http://localhost:3000/pws/grading?_rsc=1yxae:0
[   69825ms] [ERROR] Failed to load resource: the server responded with a status of 404 (Not Found) @ http://localhost:3000/pws/faqs?_rsc=1yxae:0
[   72968ms] [WARNING] The resource http://localhost:3000/_next/static/chunks/0-4d4-95193j5.css was preloaded using link preload but not used within a few seconds from the window's load event. Please make sure it has an appropriate `as` value and it is preloaded intentionally. @ http://localhost:3000/pws/orders:0
[   72968ms] [WARNING] The resource http://localhost:3000/_next/static/chunks/11.z9sqqymxe4.css was preloaded using link preload but not used within a few seconds from the window's load event. Please make sure it has an appropriate `as` value and it is preloaded intentionally. @ http://localhost:3000/pws/orders:0
[   72968ms] [WARNING] The resource http://localhost:3000/_next/static/chunks/0bwl6sg-93d1p.css was preloaded using link preload but not used within a few seconds from the window's load event. Please make sure it has an appropriate `as` value and it is preloaded intentionally. @ http://localhost:3000/pws/orders:0
[   72968ms] [WARNING] The resource http://localhost:3000/_next/static/chunks/08ls9rpwjh~bi.css was preloaded using link preload but not used within a few seconds from the window's load event. Please make sure it has an appropriate `as` value and it is preloaded intentionally. @ http://localhost:3000/pws/orders:0
[   72968ms] [WARNING] The resource http://localhost:3000/_next/static/chunks/0o-hp_j.s5-bq.css was preloaded using link preload but not used within a few seconds from the window's load event. Please make sure it has an appropriate `as` value and it is preloaded intentionally. @ http://localhost:3000/pws/orders:0
[   72968ms] [WARNING] The resource http://localhost:3000/_next/static/chunks/0rp518gysfro6.css was preloaded using link preload but not used within a few seconds from the window's load event. Please make sure it has an appropriate `as` value and it is preloaded intentionally. @ http://localhost:3000/pws/orders:0
[   72968ms] [WARNING] The resource http://localhost:3000/_next/static/chunks/15fcpm0hz4yv7.css was preloaded using link preload but not used within a few seconds from the window's load event. Please make sure it has an appropriate `as` value and it is preloaded intentionally. @ http://localhost:3000/pws/orders:0
