[     101ms] [INFO] %cDownload the React DevTools for a better development experience: https://react.dev/link/react-devtools font-weight:bold @ http://localhost:3000/_next/static/chunks/04jr_next_dist_04nh14m._.js:2431
[     112ms] [LOG] [HMR] connected @ http://localhost:3000/_next/static/chunks/04jr_next_dist_04nh14m._.js:2431
[   19761ms] [LOG] [Fast Refresh] rebuilding @ http://localhost:3000/_next/static/chunks/04jr_next_dist_04nh14m._.js:2431
[   19903ms] [LOG] [Fast Refresh] done in 132ms @ http://localhost:3000/_next/static/chunks/04jr_next_dist_04nh14m._.js:2431
[   26435ms] [LOG] [Fast Refresh] rebuilding @ http://localhost:3000/_next/static/chunks/04jr_next_dist_04nh14m._.js:2431
[   26470ms] [ERROR] ./SalesPlatform_Modern/frontend/src/app/pws/order/page.tsx:468:1
Unexpected token. Did you mean `{'}'}` or `&rbrace;`?
  466 |     </div>
  467 |   );
> 468 | }
      | ^
  469 |

Parsing ecmascript source code failed

Import traces:
  Client Component Browser:
    ./SalesPlatform_Modern/frontend/src/app/pws/order/page.tsx [Client Component Browser]
    ./SalesPlatform_Modern/frontend/src/app/pws/order/page.tsx [Server Component]

  Client Component SSR:
    ./SalesPlatform_Modern/frontend/src/app/pws/order/page.tsx [Client Component SSR]
    ./SalesPlatform_Modern/frontend/src/app/pws/order/page.tsx [Server Component] @ http://localhost:3000/_next/static/chunks/04jr_next_dist_04nh14m._.js:3272
[   26590ms] [ERROR] ./SalesPlatform_Modern/frontend/src/app/pws/order/page.tsx:468:1
Unexpected token. Did you mean `{'}'}` or `&rbrace;`?
  466 |     </div>
  467 |   );
> 468 | }
      | ^
  469 |

Parsing ecmascript source code failed

Import traces:
  Client Component Browser:
    ./SalesPlatform_Modern/frontend/src/app/pws/order/page.tsx [Client Component Browser]
    ./SalesPlatform_Modern/frontend/src/app/pws/order/page.tsx [Server Component]

  Client Component SSR:
    ./SalesPlatform_Modern/frontend/src/app/pws/order/page.tsx [Client Component SSR]
    ./SalesPlatform_Modern/frontend/src/app/pws/order/page.tsx [Server Component] @ http://localhost:3000/_next/static/chunks/04jr_next_dist_04nh14m._.js:3272
[   26604ms] [LOG] [Fast Refresh] rebuilding @ http://localhost:3000/_next/static/chunks/04jr_next_dist_04nh14m._.js:2431
[   34195ms] [LOG] [Fast Refresh] rebuilding @ http://localhost:3000/_next/static/chunks/04jr_next_dist_04nh14m._.js:2431
[   34393ms] [LOG] [Fast Refresh] done in 113ms @ http://localhost:3000/_next/static/chunks/04jr_next_dist_04nh14m._.js:2431
