[     115ms] [LOG] [Fast Refresh] rebuilding @ http://localhost:3000/_next/static/chunks/04jr_next_dist_04nh14m._.js:2431
[     519ms] [LOG] [Fast Refresh] done in 512ms @ http://localhost:3000/_next/static/chunks/04jr_next_dist_04nh14m._.js:2431
[     586ms] [INFO] %cDownload the React DevTools for a better development experience: https://react.dev/link/react-devtools font-weight:bold @ http://localhost:3000/_next/static/chunks/04jr_next_dist_04nh14m._.js:2431
[     599ms] [LOG] [HMR] connected @ http://localhost:3000/_next/static/chunks/04jr_next_dist_04nh14m._.js:2431
[     630ms] [WARNING] Image with src "/images/ecoatm_logo.svg" was detected as the Largest Contentful Paint (LCP). Please add the `loading="eager"` property if this image is above the fold.
Read more: https://nextjs.org/docs/app/api-reference/components/image#loading @ http://localhost:3000/_next/static/chunks/04jr_next_dist_04nh14m._.js:2431
[     635ms] [WARNING] Image with src "http://localhost:3000/images/ecoatm_logo.svg" has either width or height modified, but not the other. If you use CSS to change the size of your image, also include the styles 'width: "auto"' or 'height: "auto"' to maintain the aspect ratio. @ http://localhost:3000/_next/static/chunks/04jr_next_dist_04nh14m._.js:2431
[     687ms] [WARNING] Image with src "/images/pws_card.png" has either width or height modified, but not the other. If you use CSS to change the size of your image, also include the styles 'width: "auto"' or 'height: "auto"' to maintain the aspect ratio. @ http://localhost:3000/_next/static/chunks/04jr_next_dist_04nh14m._.js:2431
[     687ms] [WARNING] Image with src "/images/auction_card.png" has either width or height modified, but not the other. If you use CSS to change the size of your image, also include the styles 'width: "auto"' or 'height: "auto"' to maintain the aspect ratio. @ http://localhost:3000/_next/static/chunks/04jr_next_dist_04nh14m._.js:2431
[     702ms] [WARNING] Image with src "/images/pws_card.png" was detected as the Largest Contentful Paint (LCP). Please add the `loading="eager"` property if this image is above the fold.
Read more: https://nextjs.org/docs/app/api-reference/components/image#loading @ http://localhost:3000/_next/static/chunks/04jr_next_dist_04nh14m._.js:2431
[    7593ms] [ERROR] Failed to load resource: the server responded with a status of 403 () @ http://localhost:8080/api/v1/pws/session/activate:0
[   21240ms] [LOG] [Fast Refresh] rebuilding @ http://localhost:3000/_next/static/chunks/04jr_next_dist_04nh14m._.js:2431
[   21583ms] [LOG] [Fast Refresh] done in 454ms @ http://localhost:3000/_next/static/chunks/04jr_next_dist_04nh14m._.js:2431
[   76420ms] [LOG] [Fast Refresh] rebuilding @ http://localhost:3000/_next/static/chunks/04jr_next_dist_04nh14m._.js:2431
[   76638ms] [LOG] [Fast Refresh] done in 331ms @ http://localhost:3000/_next/static/chunks/04jr_next_dist_04nh14m._.js:2431
[  123653ms] [LOG] [Fast Refresh] rebuilding @ http://localhost:3000/_next/static/chunks/04jr_next_dist_04nh14m._.js:2431
[  123885ms] [LOG] [Fast Refresh] done in 340ms @ http://localhost:3000/_next/static/chunks/04jr_next_dist_04nh14m._.js:2431
[  147684ms] [LOG] [Fast Refresh] rebuilding @ http://localhost:3000/_next/static/chunks/04jr_next_dist_04nh14m._.js:2431
[  147952ms] [LOG] [Fast Refresh] done in 382ms @ http://localhost:3000/_next/static/chunks/04jr_next_dist_04nh14m._.js:2431
[  167821ms] [LOG] [Fast Refresh] rebuilding @ http://localhost:3000/_next/static/chunks/04jr_next_dist_04nh14m._.js:2431
[  168038ms] [LOG] [Fast Refresh] done in 330ms @ http://localhost:3000/_next/static/chunks/04jr_next_dist_04nh14m._.js:2431
[  186876ms] [LOG] [Fast Refresh] rebuilding @ http://localhost:3000/_next/static/chunks/04jr_next_dist_04nh14m._.js:2431
[  187123ms] [LOG] [Fast Refresh] done in 359ms @ http://localhost:3000/_next/static/chunks/04jr_next_dist_04nh14m._.js:2431
