[      84ms] [VERBOSE] [DOM] Input elements should have autocomplete attributes (suggested: "current-password"): (More info: https://goo.gl/9p2vKq) %o @ http://localhost:3000/login:0
[     103ms] [INFO] %cDownload the React DevTools for a better development experience: https://react.dev/link/react-devtools font-weight:bold @ http://localhost:3000/_next/static/chunks/04jr_next_dist_04nh14m._.js:2431
[     120ms] [LOG] [HMR] connected @ http://localhost:3000/_next/static/chunks/04jr_next_dist_04nh14m._.js:2431
[     143ms] [WARNING] Image with src "/qa_side_image.png" has "fill" but is missing "sizes" prop. Please add it to improve page performance. Read more: https://nextjs.org/docs/api-reference/next/image#sizes @ http://localhost:3000/_next/static/chunks/04jr_next_dist_04nh14m._.js:2431
[     143ms] [WARNING] Image with src "/qa_logo.png" has either width or height modified, but not the other. If you use CSS to change the size of your image, also include the styles 'width: "auto"' or 'height: "auto"' to maintain the aspect ratio. @ http://localhost:3000/_next/static/chunks/04jr_next_dist_04nh14m._.js:2431
[    1428ms] [LOG] [Fast Refresh] rebuilding @ http://localhost:3000/_next/static/chunks/04jr_next_dist_04nh14m._.js:2431
[    1586ms] [LOG] [Fast Refresh] done in 259ms @ http://localhost:3000/_next/static/chunks/04jr_next_dist_04nh14m._.js:2431
[    5417ms] [LOG] [Fast Refresh] rebuilding @ http://localhost:3000/_next/static/chunks/04jr_next_dist_04nh14m._.js:2431
[    5418ms] [LOG] [Fast Refresh] done in 102ms @ http://localhost:3000/_next/static/chunks/04jr_next_dist_04nh14m._.js:2431
[    5912ms] [WARNING] Image with src "http://localhost:3000/images/ecoatm_logo.svg" has either width or height modified, but not the other. If you use CSS to change the size of your image, also include the styles 'width: "auto"' or 'height: "auto"' to maintain the aspect ratio. @ http://localhost:3000/_next/static/chunks/04jr_next_dist_04nh14m._.js:2431
[    7441ms] [LOG] [Fast Refresh] rebuilding @ http://localhost:3000/_next/static/chunks/04jr_next_dist_04nh14m._.js:2431
[    7505ms] [LOG] [Fast Refresh] done in 176ms @ http://localhost:3000/_next/static/chunks/04jr_next_dist_04nh14m._.js:2431
[   10194ms] [LOG] [Fast Refresh] rebuilding @ http://localhost:3000/_next/static/chunks/04jr_next_dist_04nh14m._.js:2431
[   10206ms] [LOG] [Fast Refresh] done in 115ms @ http://localhost:3000/_next/static/chunks/04jr_next_dist_04nh14m._.js:2431
[   13192ms] [LOG] [Fast Refresh] rebuilding @ http://localhost:3000/_next/static/chunks/04jr_next_dist_04nh14m._.js:2431
[   13198ms] [LOG] [Fast Refresh] done in 111ms @ http://localhost:3000/_next/static/chunks/04jr_next_dist_04nh14m._.js:2431
[   13427ms] [LOG] [Fast Refresh] rebuilding @ http://localhost:3000/_next/static/chunks/04jr_next_dist_04nh14m._.js:2431
[   13482ms] [LOG] [Fast Refresh] done in 158ms @ http://localhost:3000/_next/static/chunks/04jr_next_dist_04nh14m._.js:2431
[   16188ms] [LOG] [Fast Refresh] rebuilding @ http://localhost:3000/_next/static/chunks/04jr_next_dist_04nh14m._.js:2431
[   16190ms] [LOG] [Fast Refresh] done in 104ms @ http://localhost:3000/_next/static/chunks/04jr_next_dist_04nh14m._.js:2431
[   16436ms] [LOG] [Fast Refresh] rebuilding @ http://localhost:3000/_next/static/chunks/04jr_next_dist_04nh14m._.js:2431
[   16491ms] [LOG] [Fast Refresh] done in 168ms @ http://localhost:3000/_next/static/chunks/04jr_next_dist_04nh14m._.js:2431
