[     282ms] [VERBOSE] [DOM] Input elements should have autocomplete attributes (suggested: "current-password"): (More info: https://goo.gl/9p2vKq) %o @ https://designatory-scrawnier-rocco.ngrok-free.dev/login:0
[     390ms] [INFO] %cDownload the React DevTools for a better development experience: https://react.dev/link/react-devtools font-weight:bold @ https://designatory-scrawnier-rocco.ngrok-free.dev/_next/static/chunks/node_modules_next_dist_115brz8._.js:2431
[    3195ms] [ERROR] WebSocket connection to 'wss://designatory-scrawnier-rocco.ngrok-free.dev/_next/webpack-hmr?id=ip7y8DAjaLUcagUbE3Rdy' failed: Error during WebSocket handshake: Unexpected response code: 503 @ https://designatory-scrawnier-rocco.ngrok-free.dev/_next/static/chunks/node_modules_next_dist_client_0fhqo1d._.js:13299
[    9299ms] [ERROR] WebSocket connection to 'wss://designatory-scrawnier-rocco.ngrok-free.dev/_next/webpack-hmr?id=ip7y8DAjaLUcagUbE3Rdy' failed: Error during WebSocket handshake: Unexpected response code: 503 @ https://designatory-scrawnier-rocco.ngrok-free.dev/_next/static/chunks/node_modules_next_dist_client_0fhqo1d._.js:13299
[   13922ms] [ERROR] WebSocket connection to 'wss://designatory-scrawnier-rocco.ngrok-free.dev/_next/webpack-hmr?id=ip7y8DAjaLUcagUbE3Rdy' failed: Error during WebSocket handshake: Unexpected response code: 503 @ https://designatory-scrawnier-rocco.ngrok-free.dev/_next/static/chunks/node_modules_next_dist_client_0fhqo1d._.js:13299
[   20109ms] [ERROR] WebSocket connection to 'wss://designatory-scrawnier-rocco.ngrok-free.dev/_next/webpack-hmr?id=ip7y8DAjaLUcagUbE3Rdy' failed: Error during WebSocket handshake: Unexpected response code: 503 @ https://designatory-scrawnier-rocco.ngrok-free.dev/_next/static/chunks/node_modules_next_dist_client_0fhqo1d._.js:13299
[   22665ms] [VERBOSE] [DOM] Input elements should have autocomplete attributes (suggested: "current-password"): (More info: https://goo.gl/9p2vKq) %o @ https://designatory-scrawnier-rocco.ngrok-free.dev/login?:0
[   22711ms] [INFO] %cDownload the React DevTools for a better development experience: https://react.dev/link/react-devtools font-weight:bold @ https://designatory-scrawnier-rocco.ngrok-free.dev/_next/static/chunks/node_modules_next_dist_115brz8._.js:2431
[   27334ms] [ERROR] WebSocket connection to 'wss://designatory-scrawnier-rocco.ngrok-free.dev/_next/webpack-hmr?id=UhrHssrpnIDDiZmpN8xBf' failed: Error during WebSocket handshake: Unexpected response code: 503 @ https://designatory-scrawnier-rocco.ngrok-free.dev/_next/static/chunks/node_modules_next_dist_client_0fhqo1d._.js:13299
[   31489ms] [ERROR] WebSocket connection to 'wss://designatory-scrawnier-rocco.ngrok-free.dev/_next/webpack-hmr?id=UhrHssrpnIDDiZmpN8xBf' failed: Error during WebSocket handshake: Unexpected response code: 503 @ https://designatory-scrawnier-rocco.ngrok-free.dev/_next/static/chunks/node_modules_next_dist_client_0fhqo1d._.js:13299
[   37035ms] [ERROR] WebSocket connection to 'wss://designatory-scrawnier-rocco.ngrok-free.dev/_next/webpack-hmr?id=UhrHssrpnIDDiZmpN8xBf' failed: Error during WebSocket handshake: Unexpected response code: 503 @ https://designatory-scrawnier-rocco.ngrok-free.dev/_next/static/chunks/node_modules_next_dist_client_0fhqo1d._.js:13299
[   40334ms] [ERROR] WebSocket connection to 'wss://designatory-scrawnier-rocco.ngrok-free.dev/_next/webpack-hmr?id=UhrHssrpnIDDiZmpN8xBf' failed: Error during WebSocket handshake: Unexpected response code: 503 @ https://designatory-scrawnier-rocco.ngrok-free.dev/_next/static/chunks/node_modules_next_dist_client_0fhqo1d._.js:13299
[   44727ms] [ERROR] WebSocket connection to 'wss://designatory-scrawnier-rocco.ngrok-free.dev/_next/webpack-hmr?id=UhrHssrpnIDDiZmpN8xBf' failed: Error during WebSocket handshake: Unexpected response code: 503 @ https://designatory-scrawnier-rocco.ngrok-free.dev/_next/static/chunks/node_modules_next_dist_client_0fhqo1d._.js:13299
[   50802ms] [ERROR] WebSocket connection to 'wss://designatory-scrawnier-rocco.ngrok-free.dev/_next/webpack-hmr?id=UhrHssrpnIDDiZmpN8xBf' failed: Error during WebSocket handshake: Unexpected response code: 503 @ https://designatory-scrawnier-rocco.ngrok-free.dev/_next/static/chunks/node_modules_next_dist_client_0fhqo1d._.js:13299
[   58374ms] [ERROR] WebSocket connection to 'wss://designatory-scrawnier-rocco.ngrok-free.dev/_next/webpack-hmr?id=UhrHssrpnIDDiZmpN8xBf' failed: Error during WebSocket handshake: Unexpected response code: 503 @ https://designatory-scrawnier-rocco.ngrok-free.dev/_next/static/chunks/node_modules_next_dist_client_0fhqo1d._.js:13299
[   66132ms] [ERROR] WebSocket connection to 'wss://designatory-scrawnier-rocco.ngrok-free.dev/_next/webpack-hmr?id=UhrHssrpnIDDiZmpN8xBf' failed: Error during WebSocket handshake: Unexpected response code: 503 @ https://designatory-scrawnier-rocco.ngrok-free.dev/_next/static/chunks/node_modules_next_dist_client_0fhqo1d._.js:13299
[   73391ms] [LOG] [HMR] connected @ https://designatory-scrawnier-rocco.ngrok-free.dev/_next/static/chunks/node_modules_next_dist_115brz8._.js:2431
[   85625ms] [LOG] [HMR] connected @ https://designatory-scrawnier-rocco.ngrok-free.dev/_next/static/chunks/node_modules_next_dist_115brz8._.js:2431
[   85849ms] [VERBOSE] [DOM] Input elements should have autocomplete attributes (suggested: "current-password"): (More info: https://goo.gl/9p2vKq) %o @ https://designatory-scrawnier-rocco.ngrok-free.dev/login?:0
[   85920ms] [INFO] %cDownload the React DevTools for a better development experience: https://react.dev/link/react-devtools font-weight:bold @ https://designatory-scrawnier-rocco.ngrok-free.dev/_next/static/chunks/node_modules_next_dist_115brz8._.js:2431
[   86246ms] [LOG] [HMR] connected @ https://designatory-scrawnier-rocco.ngrok-free.dev/_next/static/chunks/node_modules_next_dist_115brz8._.js:2431
[   86284ms] [WARNING] Image with src "/qa_side_image.png" has "fill" but is missing "sizes" prop. Please add it to improve page performance. Read more: https://nextjs.org/docs/api-reference/next/image#sizes @ https://designatory-scrawnier-rocco.ngrok-free.dev/_next/static/chunks/node_modules_next_dist_115brz8._.js:2431
[   86284ms] [WARNING] Image with src "/qa_logo.png" has either width or height modified, but not the other. If you use CSS to change the size of your image, also include the styles 'width: "auto"' or 'height: "auto"' to maintain the aspect ratio. @ https://designatory-scrawnier-rocco.ngrok-free.dev/_next/static/chunks/node_modules_next_dist_115brz8._.js:2431
[   89477ms] [ERROR] WebSocket connection to 'wss://designatory-scrawnier-rocco.ngrok-free.dev/_next/webpack-hmr?id=Ohqw0M5sBjIlzukCWCRSc' failed: Error during WebSocket handshake: Unexpected response code: 502 @ https://designatory-scrawnier-rocco.ngrok-free.dev/_next/static/chunks/node_modules_next_dist_client_0fhqo1d._.js:13299
[   90778ms] [ERROR] WebSocket connection to 'wss://designatory-scrawnier-rocco.ngrok-free.dev/_next/webpack-hmr?id=Ohqw0M5sBjIlzukCWCRSc' failed: Error during WebSocket handshake: Unexpected response code: 502 @ https://designatory-scrawnier-rocco.ngrok-free.dev/_next/static/chunks/node_modules_next_dist_client_0fhqo1d._.js:13299
[   92118ms] [ERROR] WebSocket connection to 'wss://designatory-scrawnier-rocco.ngrok-free.dev/_next/webpack-hmr?id=Ohqw0M5sBjIlzukCWCRSc' failed: Error during WebSocket handshake: Unexpected response code: 502 @ https://designatory-scrawnier-rocco.ngrok-free.dev/_next/static/chunks/node_modules_next_dist_client_0fhqo1d._.js:13299
[   93443ms] [ERROR] WebSocket connection to 'wss://designatory-scrawnier-rocco.ngrok-free.dev/_next/webpack-hmr?id=Ohqw0M5sBjIlzukCWCRSc' failed: Error during WebSocket handshake: Unexpected response code: 502 @ https://designatory-scrawnier-rocco.ngrok-free.dev/_next/static/chunks/node_modules_next_dist_client_0fhqo1d._.js:13299
[   94870ms] [ERROR] WebSocket connection to 'wss://designatory-scrawnier-rocco.ngrok-free.dev/_next/webpack-hmr?id=Ohqw0M5sBjIlzukCWCRSc' failed: Error during WebSocket handshake: Unexpected response code: 502 @ https://designatory-scrawnier-rocco.ngrok-free.dev/_next/static/chunks/node_modules_next_dist_client_0fhqo1d._.js:13299
[  100744ms] [LOG] [HMR] connected @ https://designatory-scrawnier-rocco.ngrok-free.dev/_next/static/chunks/node_modules_next_dist_115brz8._.js:2431
[  101431ms] [INFO] %cDownload the React DevTools for a better development experience: https://react.dev/link/react-devtools font-weight:bold @ https://designatory-scrawnier-rocco.ngrok-free.dev/_next/static/chunks/node_modules_next_dist_115brz8._.js:2431
[  101446ms] [VERBOSE] [DOM] Input elements should have autocomplete attributes (suggested: "current-password"): (More info: https://goo.gl/9p2vKq) %o @ https://designatory-scrawnier-rocco.ngrok-free.dev/login:0
[  101689ms] [LOG] [HMR] connected @ https://designatory-scrawnier-rocco.ngrok-free.dev/_next/static/chunks/node_modules_next_dist_115brz8._.js:2431
[  101749ms] [WARNING] Image with src "/qa_side_image.png" has "fill" but is missing "sizes" prop. Please add it to improve page performance. Read more: https://nextjs.org/docs/api-reference/next/image#sizes @ https://designatory-scrawnier-rocco.ngrok-free.dev/_next/static/chunks/node_modules_next_dist_115brz8._.js:2431
[  101750ms] [WARNING] Image with src "/qa_logo.png" has either width or height modified, but not the other. If you use CSS to change the size of your image, also include the styles 'width: "auto"' or 'height: "auto"' to maintain the aspect ratio. @ https://designatory-scrawnier-rocco.ngrok-free.dev/_next/static/chunks/node_modules_next_dist_115brz8._.js:2431
