[     366ms] [VERBOSE] [DOM] Input elements should have autocomplete attributes (suggested: "current-password"): (More info: https://goo.gl/9p2vKq) %o @ https://designatory-scrawnier-rocco.ngrok-free.dev/login:0
[     435ms] [INFO] %cDownload the React DevTools for a better development experience: https://react.dev/link/react-devtools font-weight:bold @ https://designatory-scrawnier-rocco.ngrok-free.dev/_next/static/chunks/node_modules_next_dist_115brz8._.js:2431
[     683ms] [LOG] [HMR] connected @ https://designatory-scrawnier-rocco.ngrok-free.dev/_next/static/chunks/node_modules_next_dist_115brz8._.js:2431
[     697ms] [WARNING] Image with src "/qa_side_image.png" has "fill" but is missing "sizes" prop. Please add it to improve page performance. Read more: https://nextjs.org/docs/api-reference/next/image#sizes @ https://designatory-scrawnier-rocco.ngrok-free.dev/_next/static/chunks/node_modules_next_dist_115brz8._.js:2431
[     697ms] [WARNING] Image with src "/qa_logo.png" has either width or height modified, but not the other. If you use CSS to change the size of your image, also include the styles 'width: "auto"' or 'height: "auto"' to maintain the aspect ratio. @ https://designatory-scrawnier-rocco.ngrok-free.dev/_next/static/chunks/node_modules_next_dist_115brz8._.js:2431
[   16964ms] [ERROR] Failed to load resource: the server responded with a status of 403 () @ https://designatory-scrawnier-rocco.ngrok-free.dev/api/v1/auth/login:0
[  138021ms] [LOG] [Fast Refresh] rebuilding @ https://designatory-scrawnier-rocco.ngrok-free.dev/_next/static/chunks/node_modules_next_dist_115brz8._.js:2431
[  138398ms] [LOG] [Fast Refresh] done in 450ms @ https://designatory-scrawnier-rocco.ngrok-free.dev/_next/static/chunks/node_modules_next_dist_115brz8._.js:2431
[  142278ms] [ERROR] WebSocket connection to 'wss://designatory-scrawnier-rocco.ngrok-free.dev/_next/webpack-hmr?id=A0STxmQwcx_0dDOhKu4l3' failed: Error during WebSocket handshake: Unexpected response code: 503 @ https://designatory-scrawnier-rocco.ngrok-free.dev/_next/static/chunks/node_modules_next_dist_client_0fhqo1d._.js:13299
[  143474ms] [ERROR] WebSocket connection to 'wss://designatory-scrawnier-rocco.ngrok-free.dev/_next/webpack-hmr?id=A0STxmQwcx_0dDOhKu4l3' failed: Error during WebSocket handshake: Unexpected response code: 503 @ https://designatory-scrawnier-rocco.ngrok-free.dev/_next/static/chunks/node_modules_next_dist_client_0fhqo1d._.js:13299
[  144665ms] [ERROR] WebSocket connection to 'wss://designatory-scrawnier-rocco.ngrok-free.dev/_next/webpack-hmr?id=A0STxmQwcx_0dDOhKu4l3' failed: Error during WebSocket handshake: Unexpected response code: 503 @ https://designatory-scrawnier-rocco.ngrok-free.dev/_next/static/chunks/node_modules_next_dist_client_0fhqo1d._.js:13299
[  145852ms] [ERROR] WebSocket connection to 'wss://designatory-scrawnier-rocco.ngrok-free.dev/_next/webpack-hmr?id=A0STxmQwcx_0dDOhKu4l3' failed: Error during WebSocket handshake: Unexpected response code: 503 @ https://designatory-scrawnier-rocco.ngrok-free.dev/_next/static/chunks/node_modules_next_dist_client_0fhqo1d._.js:13299
[  147052ms] [ERROR] WebSocket connection to 'wss://designatory-scrawnier-rocco.ngrok-free.dev/_next/webpack-hmr?id=A0STxmQwcx_0dDOhKu4l3' failed: Error during WebSocket handshake: Unexpected response code: 503 @ https://designatory-scrawnier-rocco.ngrok-free.dev/_next/static/chunks/node_modules_next_dist_client_0fhqo1d._.js:13299
[  152250ms] [ERROR] WebSocket connection to 'wss://designatory-scrawnier-rocco.ngrok-free.dev/_next/webpack-hmr?id=A0STxmQwcx_0dDOhKu4l3' failed: Error during WebSocket handshake: Unexpected response code: 503 @ https://designatory-scrawnier-rocco.ngrok-free.dev/_next/static/chunks/node_modules_next_dist_client_0fhqo1d._.js:13299
[  157449ms] [ERROR] WebSocket connection to 'wss://designatory-scrawnier-rocco.ngrok-free.dev/_next/webpack-hmr?id=A0STxmQwcx_0dDOhKu4l3' failed: Error during WebSocket handshake: Unexpected response code: 503 @ https://designatory-scrawnier-rocco.ngrok-free.dev/_next/static/chunks/node_modules_next_dist_client_0fhqo1d._.js:13299
[  162642ms] [ERROR] WebSocket connection to 'wss://designatory-scrawnier-rocco.ngrok-free.dev/_next/webpack-hmr?id=A0STxmQwcx_0dDOhKu4l3' failed: Error during WebSocket handshake: Unexpected response code: 503 @ https://designatory-scrawnier-rocco.ngrok-free.dev/_next/static/chunks/node_modules_next_dist_client_0fhqo1d._.js:13299
[  167845ms] [ERROR] WebSocket connection to 'wss://designatory-scrawnier-rocco.ngrok-free.dev/_next/webpack-hmr?id=A0STxmQwcx_0dDOhKu4l3' failed: Error during WebSocket handshake: Unexpected response code: 503 @ https://designatory-scrawnier-rocco.ngrok-free.dev/_next/static/chunks/node_modules_next_dist_client_0fhqo1d._.js:13299
[  173048ms] [ERROR] WebSocket connection to 'wss://designatory-scrawnier-rocco.ngrok-free.dev/_next/webpack-hmr?id=A0STxmQwcx_0dDOhKu4l3' failed: Error during WebSocket handshake: Unexpected response code: 503 @ https://designatory-scrawnier-rocco.ngrok-free.dev/_next/static/chunks/node_modules_next_dist_client_0fhqo1d._.js:13299
[  178256ms] [ERROR] WebSocket connection to 'wss://designatory-scrawnier-rocco.ngrok-free.dev/_next/webpack-hmr?id=A0STxmQwcx_0dDOhKu4l3' failed: Error during WebSocket handshake: Unexpected response code: 503 @ https://designatory-scrawnier-rocco.ngrok-free.dev/_next/static/chunks/node_modules_next_dist_client_0fhqo1d._.js:13299
[  183454ms] [ERROR] WebSocket connection to 'wss://designatory-scrawnier-rocco.ngrok-free.dev/_next/webpack-hmr?id=A0STxmQwcx_0dDOhKu4l3' failed: Error during WebSocket handshake: Unexpected response code: 503 @ https://designatory-scrawnier-rocco.ngrok-free.dev/_next/static/chunks/node_modules_next_dist_client_0fhqo1d._.js:13299
[  183736ms] [VERBOSE] [DOM] Input elements should have autocomplete attributes (suggested: "current-password"): (More info: https://goo.gl/9p2vKq) %o @ https://designatory-scrawnier-rocco.ngrok-free.dev/login:0
[  183763ms] [INFO] %cDownload the React DevTools for a better development experience: https://react.dev/link/react-devtools font-weight:bold @ https://designatory-scrawnier-rocco.ngrok-free.dev/_next/static/chunks/node_modules_next_dist_115brz8._.js:2431
[  183956ms] [ERROR] WebSocket connection to 'wss://designatory-scrawnier-rocco.ngrok-free.dev/_next/webpack-hmr?id=s_LIO29mWTHpIlgzMDqq6' failed: Error during WebSocket handshake: Unexpected response code: 503 @ https://designatory-scrawnier-rocco.ngrok-free.dev/_next/static/chunks/node_modules_next_dist_client_0fhqo1d._.js:13299
[  185147ms] [ERROR] WebSocket connection to 'wss://designatory-scrawnier-rocco.ngrok-free.dev/_next/webpack-hmr?id=s_LIO29mWTHpIlgzMDqq6' failed: Error during WebSocket handshake: Unexpected response code: 503 @ https://designatory-scrawnier-rocco.ngrok-free.dev/_next/static/chunks/node_modules_next_dist_client_0fhqo1d._.js:13299
[  186350ms] [ERROR] WebSocket connection to 'wss://designatory-scrawnier-rocco.ngrok-free.dev/_next/webpack-hmr?id=s_LIO29mWTHpIlgzMDqq6' failed: Error during WebSocket handshake: Unexpected response code: 503 @ https://designatory-scrawnier-rocco.ngrok-free.dev/_next/static/chunks/node_modules_next_dist_client_0fhqo1d._.js:13299
[  187563ms] [ERROR] WebSocket connection to 'wss://designatory-scrawnier-rocco.ngrok-free.dev/_next/webpack-hmr?id=s_LIO29mWTHpIlgzMDqq6' failed: Error during WebSocket handshake: Unexpected response code: 503 @ https://designatory-scrawnier-rocco.ngrok-free.dev/_next/static/chunks/node_modules_next_dist_client_0fhqo1d._.js:13299
[  188773ms] [ERROR] WebSocket connection to 'wss://designatory-scrawnier-rocco.ngrok-free.dev/_next/webpack-hmr?id=s_LIO29mWTHpIlgzMDqq6' failed: Error during WebSocket handshake: Unexpected response code: 503 @ https://designatory-scrawnier-rocco.ngrok-free.dev/_next/static/chunks/node_modules_next_dist_client_0fhqo1d._.js:13299
[  190012ms] [ERROR] WebSocket connection to 'wss://designatory-scrawnier-rocco.ngrok-free.dev/_next/webpack-hmr?id=s_LIO29mWTHpIlgzMDqq6' failed: Error during WebSocket handshake: Unexpected response code: 503 @ https://designatory-scrawnier-rocco.ngrok-free.dev/_next/static/chunks/node_modules_next_dist_client_0fhqo1d._.js:13299
[  195253ms] [ERROR] WebSocket connection to 'wss://designatory-scrawnier-rocco.ngrok-free.dev/_next/webpack-hmr?id=s_LIO29mWTHpIlgzMDqq6' failed: Error during WebSocket handshake: Unexpected response code: 503 @ https://designatory-scrawnier-rocco.ngrok-free.dev/_next/static/chunks/node_modules_next_dist_client_0fhqo1d._.js:13299
[  200563ms] [ERROR] WebSocket connection to 'wss://designatory-scrawnier-rocco.ngrok-free.dev/_next/webpack-hmr?id=s_LIO29mWTHpIlgzMDqq6' failed: Error during WebSocket handshake: Unexpected response code: 503 @ https://designatory-scrawnier-rocco.ngrok-free.dev/_next/static/chunks/node_modules_next_dist_client_0fhqo1d._.js:13299
[  205966ms] [ERROR] WebSocket connection to 'wss://designatory-scrawnier-rocco.ngrok-free.dev/_next/webpack-hmr?id=s_LIO29mWTHpIlgzMDqq6' failed: Error during WebSocket handshake: Unexpected response code: 503 @ https://designatory-scrawnier-rocco.ngrok-free.dev/_next/static/chunks/node_modules_next_dist_client_0fhqo1d._.js:13299
[  211441ms] [ERROR] WebSocket connection to 'wss://designatory-scrawnier-rocco.ngrok-free.dev/_next/webpack-hmr?id=s_LIO29mWTHpIlgzMDqq6' failed: Error during WebSocket handshake: Unexpected response code: 503 @ https://designatory-scrawnier-rocco.ngrok-free.dev/_next/static/chunks/node_modules_next_dist_client_0fhqo1d._.js:13299
[  217309ms] [ERROR] WebSocket connection to 'wss://designatory-scrawnier-rocco.ngrok-free.dev/_next/webpack-hmr?id=s_LIO29mWTHpIlgzMDqq6' failed: Error during WebSocket handshake: Unexpected response code: 503 @ https://designatory-scrawnier-rocco.ngrok-free.dev/_next/static/chunks/node_modules_next_dist_client_0fhqo1d._.js:13299
[  223665ms] [ERROR] WebSocket connection to 'wss://designatory-scrawnier-rocco.ngrok-free.dev/_next/webpack-hmr?id=s_LIO29mWTHpIlgzMDqq6' failed: Error during WebSocket handshake: Unexpected response code: 503 @ https://designatory-scrawnier-rocco.ngrok-free.dev/_next/static/chunks/node_modules_next_dist_client_0fhqo1d._.js:13299
[  229543ms] [ERROR] WebSocket connection to 'wss://designatory-scrawnier-rocco.ngrok-free.dev/_next/webpack-hmr?id=s_LIO29mWTHpIlgzMDqq6' failed: Error during WebSocket handshake: Unexpected response code: 503 @ https://designatory-scrawnier-rocco.ngrok-free.dev/_next/static/chunks/node_modules_next_dist_client_0fhqo1d._.js:13299
[  229858ms] [VERBOSE] [DOM] Input elements should have autocomplete attributes (suggested: "current-password"): (More info: https://goo.gl/9p2vKq) %o @ https://designatory-scrawnier-rocco.ngrok-free.dev/login:0
[  230045ms] [INFO] %cDownload the React DevTools for a better development experience: https://react.dev/link/react-devtools font-weight:bold @ https://designatory-scrawnier-rocco.ngrok-free.dev/_next/static/chunks/node_modules_next_dist_115brz8._.js:2431
[  234256ms] [LOG] [HMR] connected @ https://designatory-scrawnier-rocco.ngrok-free.dev/_next/static/chunks/node_modules_next_dist_115brz8._.js:2431
[  235816ms] [LOG] [Fast Refresh] rebuilding @ https://designatory-scrawnier-rocco.ngrok-free.dev/_next/static/chunks/node_modules_next_dist_115brz8._.js:2431
[  235892ms] [LOG] [Fast Refresh] done in 158ms @ https://designatory-scrawnier-rocco.ngrok-free.dev/_next/static/chunks/node_modules_next_dist_115brz8._.js:2431
[  237446ms] [LOG] [Fast Refresh] rebuilding @ https://designatory-scrawnier-rocco.ngrok-free.dev/_next/static/chunks/node_modules_next_dist_115brz8._.js:2431
[  237469ms] [LOG] [Fast Refresh] done in 133ms @ https://designatory-scrawnier-rocco.ngrok-free.dev/_next/static/chunks/node_modules_next_dist_115brz8._.js:2431
[  239534ms] [LOG] [Fast Refresh] rebuilding @ https://designatory-scrawnier-rocco.ngrok-free.dev/_next/static/chunks/node_modules_next_dist_115brz8._.js:2431
[  239611ms] [LOG] [Fast Refresh] done in 190ms @ https://designatory-scrawnier-rocco.ngrok-free.dev/_next/static/chunks/node_modules_next_dist_115brz8._.js:2431
[  240181ms] [LOG] [Fast Refresh] rebuilding @ https://designatory-scrawnier-rocco.ngrok-free.dev/_next/static/chunks/node_modules_next_dist_115brz8._.js:2431
[  240244ms] [LOG] [Fast Refresh] done in 167ms @ https://designatory-scrawnier-rocco.ngrok-free.dev/_next/static/chunks/node_modules_next_dist_115brz8._.js:2431
